Command line invocation:
    /Applications/Xcode.app/Contents/Developer/usr/bin/xcodebuild -workspace streamsports.xcworkspace -scheme streamsports -sdk iphonesimulator -destination "generic/platform=iOS Simulator" build

Build settings from command line:
    SDKROOT = iphonesimulator26.0

2026-02-20 15:27:02.817 xcodebuild[68466:50386805] [MT] IDERunDestination: Supported platforms for the buildables in the current scheme is empty.
ComputePackagePrebuildTargetDependencyGraph

Prepare packages

CreateBuildRequest

SendProjectDescription

CreateBuildOperation

ComputeTargetDependencyGraph
note: Building targets in dependency order
note: Target dependency graph (5 targets)
    Target 'streamsports' in project 'streamsports'
        ➜ Implicit dependency on target 'Pods-streamsports' in project 'Pods' via file 'Pods_streamsports.framework' in build phase 'Link Binary'
        ➜ Implicit dependency on target 'GCDWebServer' in project 'Pods' via options '-framework GCDWebServer' in build setting 'OTHER_LDFLAGS'
    Target 'Pods-streamsports' in project 'Pods'
        ➜ Explicit dependency on target 'GCDWebServer' in project 'Pods'
        ➜ Explicit dependency on target 'google-cast-sdk' in project 'Pods'
    Target 'google-cast-sdk' in project 'Pods'
        ➜ Explicit dependency on target 'google-cast-sdk-GoogleCast' in project 'Pods'
    Target 'google-cast-sdk-GoogleCast' in project 'Pods' (no dependencies)
    Target 'GCDWebServer' in project 'Pods' (no dependencies)

GatherProvisioningInputs

CreateBuildDescription

ExecuteExternalTool /Applications/Xcode.app/Contents/Developer/Toolchains/XcodeDefault.xctoolchain/usr/bin/clang -v -E -dM -isysroot /Applications/Xcode.app/Contents/Developer/Platforms/iPhoneSimulator.platform/Developer/SDKs/iPhoneSimulator26.0.sdk -x c -c /dev/null

ExecuteExternalTool /Applications/Xcode.app/Contents/Developer/Toolchains/XcodeDefault.xctoolchain/usr/bin/clang -v -E -dM -arch arm64 -isysroot /Applications/Xcode.app/Contents/Developer/Platforms/iPhoneSimulator.platform/Developer/SDKs/iPhoneSimulator26.0.sdk -x c -c /dev/null

ExecuteExternalTool /Applications/Xcode.app/Contents/Developer/usr/bin/ibtool --version --output-format xml1

ExecuteExternalTool /Applications/Xcode.app/Contents/Developer/usr/bin/actool --print-asset-tag-combinations --output-format xml1 /Users/aniskedidi/Documents/perso/streamsports/ios/streamsports/streamsports/Assets.xcassets

ExecuteExternalTool /Applications/Xcode.app/Contents/Developer/Toolchains/XcodeDefault.xctoolchain/usr/bin/clang -v -E -dM -arch arm64 -isysroot /Applications/Xcode.app/Contents/Developer/Platforms/iPhoneSimulator.platform/Developer/SDKs/iPhoneSimulator26.0.sdk -x objective-c -c /dev/null

ExecuteExternalTool /Applications/Xcode.app/Contents/Developer/Toolchains/XcodeDefault.xctoolchain/usr/bin/libtool -V

ExecuteExternalTool /Applications/Xcode.app/Contents/Developer/Toolchains/XcodeDefault.xctoolchain/usr/bin/ld -version_details

ExecuteExternalTool /Applications/Xcode.app/Contents/Developer/Toolchains/XcodeDefault.xctoolchain/usr/bin/clang -v -E -dM -arch x86_64 -isysroot /Applications/Xcode.app/Contents/Developer/Platforms/iPhoneSimulator.platform/Developer/SDKs/iPhoneSimulator26.0.sdk -x c -c /dev/null

ExecuteExternalTool /Applications/Xcode.app/Contents/Developer/Toolchains/XcodeDefault.xctoolchain/usr/bin/clang -v -E -dM -arch x86_64 -isysroot /Applications/Xcode.app/Contents/Developer/Platforms/iPhoneSimulator.platform/Developer/SDKs/iPhoneSimulator26.0.sdk -x objective-c -c /dev/null

ExecuteExternalTool /Applications/Xcode.app/Contents/Developer/usr/bin/actool --version --output-format xml1

ExecuteExternalTool /Applications/Xcode.app/Contents/Developer/Toolchains/XcodeDefault.xctoolchain/usr/bin/swiftc --version

Build description signature: 9b236ee96f622c373af3751fa7f7efc3
Build description path: /Users/aniskedidi/Library/Developer/Xcode/DerivedData/streamsports-afyvxzlfjvtmuuhgdcezeztyxrsc/Build/Intermediates.noindex/XCBuildData/9b236ee96f622c373af3751fa7f7efc3.xcbuilddata
ClangStatCache /Applications/Xcode.app/Contents/Developer/Toolchains/XcodeDefault.xctoolchain/usr/bin/clang-stat-cache /Applications/Xcode.app/Contents/Developer/Platforms/iPhoneSimulator.platform/Developer/SDKs/iPhoneSimulator26.0.sdk /Users/aniskedidi/Library/Developer/Xcode/DerivedData/SDKStatCaches.noindex/iphonesimulator26.0-23A339-26257891a6c027eb51374368541b8346.sdkstatcache
    cd /Users/aniskedidi/Documents/perso/streamsports/ios/streamsports
    /Applications/Xcode.app/Contents/Developer/Toolchains/XcodeDefault.xctoolchain/usr/bin/clang-stat-cache /Applications/Xcode.app/Contents/Developer/Platforms/iPhoneSimulator.platform/Developer/SDKs/iPhoneSimulator26.0.sdk -o /Users/aniskedidi/Library/Developer/Xcode/DerivedData/SDKStatCaches.noindex/iphonesimulator26.0-23A339-26257891a6c027eb51374368541b8346.sdkstatcache

ProcessInfoPlistFile /Users/aniskedidi/Library/Developer/Xcode/DerivedData/streamsports-afyvxzlfjvtmuuhgdcezeztyxrsc/Build/Products/Debug-iphonesimulator/google-cast-sdk/GoogleCast.bundle/Info.plist /Users/aniskedidi/Documents/perso/streamsports/ios/streamsports/Pods/Target\ Support\ Files/google-cast-sdk/ResourceBundle-GoogleCast-google-cast-sdk-Info.plist (in target 'google-cast-sdk-GoogleCast' from project 'Pods')
    cd /Users/aniskedidi/Documents/perso/streamsports/ios/streamsports/Pods
    builtin-infoPlistUtility /Users/aniskedidi/Documents/perso/streamsports/ios/streamsports/Pods/Target\ Support\ Files/google-cast-sdk/ResourceBundle-GoogleCast-google-cast-sdk-Info.plist -producttype com.apple.product-type.bundle -expandbuildsettings -format binary -platform iphonesimulator -o /Users/aniskedidi/Library/Developer/Xcode/DerivedData/streamsports-afyvxzlfjvtmuuhgdcezeztyxrsc/Build/Products/Debug-iphonesimulator/google-cast-sdk/GoogleCast.bundle/Info.plist

ProcessInfoPlistFile /Users/aniskedidi/Library/Developer/Xcode/DerivedData/streamsports-afyvxzlfjvtmuuhgdcezeztyxrsc/Build/Products/Debug-iphonesimulator/GCDWebServer/GCDWebServer.framework/Info.plist /Users/aniskedidi/Documents/perso/streamsports/ios/streamsports/Pods/Target\ Support\ Files/GCDWebServer/GCDWebServer-Info.plist (in target 'GCDWebServer' from project 'Pods')
    cd /Users/aniskedidi/Documents/perso/streamsports/ios/streamsports/Pods
    builtin-infoPlistUtility /Users/aniskedidi/Documents/perso/streamsports/ios/streamsports/Pods/Target\ Support\ Files/GCDWebServer/GCDWebServer-Info.plist -producttype com.apple.product-type.framework -expandbuildsettings -format binary -platform iphonesimulator -o /Users/aniskedidi/Library/Developer/Xcode/DerivedData/streamsports-afyvxzlfjvtmuuhgdcezeztyxrsc/Build/Products/Debug-iphonesimulator/GCDWebServer/GCDWebServer.framework/Info.plist

ProcessInfoPlistFile /Users/aniskedidi/Library/Developer/Xcode/DerivedData/streamsports-afyvxzlfjvtmuuhgdcezeztyxrsc/Build/Products/Debug-iphonesimulator/Pods_streamsports.framework/Info.plist /Users/aniskedidi/Documents/perso/streamsports/ios/streamsports/Pods/Target\ Support\ Files/Pods-streamsports/Pods-streamsports-Info.plist (in target 'Pods-streamsports' from project 'Pods')
    cd /Users/aniskedidi/Documents/perso/streamsports/ios/streamsports/Pods
    builtin-infoPlistUtility /Users/aniskedidi/Documents/perso/streamsports/ios/streamsports/Pods/Target\ Support\ Files/Pods-streamsports/Pods-streamsports-Info.plist -producttype com.apple.product-type.framework -expandbuildsettings -format binary -platform iphonesimulator -o /Users/aniskedidi/Library/Developer/Xcode/DerivedData/streamsports-afyvxzlfjvtmuuhgdcezeztyxrsc/Build/Products/Debug-iphonesimulator/Pods_streamsports.framework/Info.plist

SwiftDriver streamsports normal arm64 com.apple.xcode.tools.swift.compiler (in target 'streamsports' from project 'streamsports')
    cd /Users/aniskedidi/Documents/perso/streamsports/ios/streamsports
    builtin-SwiftDriver -- /Applications/Xcode.app/Contents/Developer/Toolchains/XcodeDefault.xctoolchain/usr/bin/swiftc -module-name streamsports -Onone -enforce-exclusivity\=checked @/Users/aniskedidi/Library/Developer/Xcode/DerivedData/streamsports-afyvxzlfjvtmuuhgdcezeztyxrsc/Build/Intermediates.noindex/streamsports.build/Debug-iphonesimulator/streamsports.build/Objects-normal/arm64/streamsports.SwiftFileList -DDEBUG -default-isolation\=MainActor -enable-bare-slash-regex -enable-upcoming-feature DisableOutwardActorInference -enable-upcoming-feature InferSendableFromCaptures -enable-upcoming-feature GlobalActorIsolatedTypesUsability -enable-upcoming-feature MemberImportVisibility -enable-upcoming-feature InferIsolatedConformances -enable-upcoming-feature NonisolatedNonsendingByDefault -enable-experimental-feature DebugDescriptionMacro -sdk /Applications/Xcode.app/Contents/Developer/Platforms/iPhoneSimulator.platform/Developer/SDKs/iPhoneSimulator26.0.sdk -target arm64-apple-ios16.6-simulator -g -module-cache-path /Users/aniskedidi/Library/Developer/Xcode/DerivedData/ModuleCache.noindex -Xfrontend -serialize-debugging-options -enable-testing -index-store-path /Users/aniskedidi/Library/Developer/Xcode/DerivedData/streamsports-afyvxzlfjvtmuuhgdcezeztyxrsc/Index.noindex/DataStore -Xcc -D_LIBCPP_HARDENING_MODE\=_LIBCPP_HARDENING_MODE_DEBUG -swift-version 5 -I /Users/aniskedidi/Library/Developer/Xcode/DerivedData/streamsports-afyvxzlfjvtmuuhgdcezeztyxrsc/Build/Products/Debug-iphonesimulator -F /Users/aniskedidi/Library/Developer/Xcode/DerivedData/streamsports-afyvxzlfjvtmuuhgdcezeztyxrsc/Build/Products/Debug-iphonesimulator -F /Users/aniskedidi/Library/Developer/Xcode/DerivedData/streamsports-afyvxzlfjvtmuuhgdcezeztyxrsc/Build/Products/Debug-iphonesimulator/GCDWebServer -F /Users/aniskedidi/Documents/perso/streamsports/ios/streamsports/Pods/google-cast-sdk/GoogleCastSDK-ios-4.8.4_static_xcframework -F /Users/aniskedidi/Library/Developer/Xcode/DerivedData/streamsports-afyvxzlfjvtmuuhgdcezeztyxrsc/Build/Products/Debug-iphonesimulator/XCFrameworkIntermediates/google-cast-sdk -emit-localized-strings -emit-localized-strings-path /Users/aniskedidi/Library/Developer/Xcode/DerivedData/streamsports-afyvxzlfjvtmuuhgdcezeztyxrsc/Build/Intermediates.noindex/streamsports.build/Debug-iphonesimulator/streamsports.build/Objects-normal/arm64 -c -j10 -enable-batch-mode -incremental -Xcc -ivfsstatcache -Xcc /Users/aniskedidi/Library/Developer/Xcode/DerivedData/SDKStatCaches.noindex/iphonesimulator26.0-23A339-26257891a6c027eb51374368541b8346.sdkstatcache -output-file-map /Users/aniskedidi/Library/Developer/Xcode/DerivedData/streamsports-afyvxzlfjvtmuuhgdcezeztyxrsc/Build/Intermediates.noindex/streamsports.build/Debug-iphonesimulator/streamsports.build/Objects-normal/arm64/streamsports-OutputFileMap.json -use-frontend-parseable-output -save-temps -no-color-diagnostics -explicit-module-build -module-cache-path /Users/aniskedidi/Library/Developer/Xcode/DerivedData/streamsports-afyvxzlfjvtmuuhgdcezeztyxrsc/Build/Intermediates.noindex/SwiftExplicitPrecompiledModules -clang-scanner-module-cache-path /Users/aniskedidi/Library/Developer/Xcode/DerivedData/ModuleCache.noindex -sdk-module-cache-path /Users/aniskedidi/Library/Developer/Xcode/DerivedData/ModuleCache.noindex -serialize-diagnostics -emit-dependencies -emit-module -emit-module-path /Users/aniskedidi/Library/Developer/Xcode/DerivedData/streamsports-afyvxzlfjvtmuuhgdcezeztyxrsc/Build/Intermediates.noindex/streamsports.build/Debug-iphonesimulator/streamsports.build/Objects-normal/arm64/streamsports.swiftmodule -validate-clang-modules-once -clang-build-session-file /Users/aniskedidi/Library/Developer/Xcode/DerivedData/ModuleCache.noindex/Session.modulevalidation -Xcc -I/Users/aniskedidi/Library/Developer/Xcode/DerivedData/streamsports-afyvxzlfjvtmuuhgdcezeztyxrsc/Build/Intermediates.noindex/streamsports.build/Debug-iphonesimulator/streamsports.build/swift-overrides.hmap -emit-const-values -Xfrontend -const-gather-protocols-file -Xfrontend /Users/aniskedidi/Library/Developer/Xcode/DerivedData/streamsports-afyvxzlfjvtmuuhgdcezeztyxrsc/Build/Intermediates.noindex/streamsports.build/Debug-iphonesimulator/streamsports.build/Objects-normal/arm64/streamsports_const_extract_protocols.json -Xcc -iquote -Xcc /Users/aniskedidi/Library/Developer/Xcode/DerivedData/streamsports-afyvxzlfjvtmuuhgdcezeztyxrsc/Build/Intermediates.noindex/streamsports.build/Debug-iphonesimulator/streamsports.build/streamsports-generated-files.hmap -Xcc -I/Users/aniskedidi/Library/Developer/Xcode/DerivedData/streamsports-afyvxzlfjvtmuuhgdcezeztyxrsc/Build/Intermediates.noindex/streamsports.build/Debug-iphonesimulator/streamsports.build/streamsports-own-target-headers.hmap -Xcc -I/Users/aniskedidi/Library/Developer/Xcode/DerivedData/streamsports-afyvxzlfjvtmuuhgdcezeztyxrsc/Build/Intermediates.noindex/streamsports.build/Debug-iphonesimulator/streamsports.build/streamsports-all-non-framework-target-headers.hmap -Xcc -ivfsoverlay -Xcc /Users/aniskedidi/Library/Developer/Xcode/DerivedData/streamsports-afyvxzlfjvtmuuhgdcezeztyxrsc/Build/Intermediates.noindex/streamsports.build/Debug-iphonesimulator/streamsports-109f15be9a910319e836046913ff1234-VFS-iphonesimulator/all-product-headers.yaml -Xcc -iquote -Xcc /Users/aniskedidi/Library/Developer/Xcode/DerivedData/streamsports-afyvxzlfjvtmuuhgdcezeztyxrsc/Build/Intermediates.noindex/streamsports.build/Debug-iphonesimulator/streamsports.build/streamsports-project-headers.hmap -Xcc -I/Users/aniskedidi/Library/Developer/Xcode/DerivedData/streamsports-afyvxzlfjvtmuuhgdcezeztyxrsc/Build/Products/Debug-iphonesimulator/include -Xcc -I/Users/aniskedidi/Library/Developer/Xcode/DerivedData/streamsports-afyvxzlfjvtmuuhgdcezeztyxrsc/Build/Products/Debug-iphonesimulator/GCDWebServer/GCDWebServer.framework/Headers -Xcc -I/Users/aniskedidi/Library/Developer/Xcode/DerivedData/streamsports-afyvxzlfjvtmuuhgdcezeztyxrsc/Build/Intermediates.noindex/streamsports.build/Debug-iphonesimulator/streamsports.build/DerivedSources-normal/arm64 -Xcc -I/Users/aniskedidi/Library/Developer/Xcode/DerivedData/streamsports-afyvxzlfjvtmuuhgdcezeztyxrsc/Build/Intermediates.noindex/streamsports.build/Debug-iphonesimulator/streamsports.build/DerivedSources/arm64 -Xcc -I/Users/aniskedidi/Library/Developer/Xcode/DerivedData/streamsports-afyvxzlfjvtmuuhgdcezeztyxrsc/Build/Intermediates.noindex/streamsports.build/Debug-iphonesimulator/streamsports.build/DerivedSources -Xcc -DDEBUG\=1 -Xcc -DCOCOAPODS\=1 -emit-objc-header -emit-objc-header-path /Users/aniskedidi/Library/Developer/Xcode/DerivedData/streamsports-afyvxzlfjvtmuuhgdcezeztyxrsc/Build/Intermediates.noindex/streamsports.build/Debug-iphonesimulator/streamsports.build/Objects-normal/arm64/streamsports-Swift.h -working-directory /Users/aniskedidi/Documents/perso/streamsports/ios/streamsports -experimental-emit-module-separately -disable-cmo

SwiftDriver streamsports normal x86_64 com.apple.xcode.tools.swift.compiler (in target 'streamsports' from project 'streamsports')
    cd /Users/aniskedidi/Documents/perso/streamsports/ios/streamsports
    builtin-SwiftDriver -- /Applications/Xcode.app/Contents/Developer/Toolchains/XcodeDefault.xctoolchain/usr/bin/swiftc -module-name streamsports -Onone -enforce-exclusivity\=checked @/Users/aniskedidi/Library/Developer/Xcode/DerivedData/streamsports-afyvxzlfjvtmuuhgdcezeztyxrsc/Build/Intermediates.noindex/streamsports.build/Debug-iphonesimulator/streamsports.build/Objects-normal/x86_64/streamsports.SwiftFileList -DDEBUG -default-isolation\=MainActor -enable-bare-slash-regex -enable-upcoming-feature DisableOutwardActorInference -enable-upcoming-feature InferSendableFromCaptures -enable-upcoming-feature GlobalActorIsolatedTypesUsability -enable-upcoming-feature MemberImportVisibility -enable-upcoming-feature InferIsolatedConformances -enable-upcoming-feature NonisolatedNonsendingByDefault -enable-experimental-feature DebugDescriptionMacro -sdk /Applications/Xcode.app/Contents/Developer/Platforms/iPhoneSimulator.platform/Developer/SDKs/iPhoneSimulator26.0.sdk -target x86_64-apple-ios16.6-simulator -g -module-cache-path /Users/aniskedidi/Library/Developer/Xcode/DerivedData/ModuleCache.noindex -Xfrontend -serialize-debugging-options -enable-testing -index-store-path /Users/aniskedidi/Library/Developer/Xcode/DerivedData/streamsports-afyvxzlfjvtmuuhgdcezeztyxrsc/Index.noindex/DataStore -Xcc -D_LIBCPP_HARDENING_MODE\=_LIBCPP_HARDENING_MODE_DEBUG -swift-version 5 -I /Users/aniskedidi/Library/Developer/Xcode/DerivedData/streamsports-afyvxzlfjvtmuuhgdcezeztyxrsc/Build/Products/Debug-iphonesimulator -F /Users/aniskedidi/Library/Developer/Xcode/DerivedData/streamsports-afyvxzlfjvtmuuhgdcezeztyxrsc/Build/Products/Debug-iphonesimulator -F /Users/aniskedidi/Library/Developer/Xcode/DerivedData/streamsports-afyvxzlfjvtmuuhgdcezeztyxrsc/Build/Products/Debug-iphonesimulator/GCDWebServer -F /Users/aniskedidi/Documents/perso/streamsports/ios/streamsports/Pods/google-cast-sdk/GoogleCastSDK-ios-4.8.4_static_xcframework -F /Users/aniskedidi/Library/Developer/Xcode/DerivedData/streamsports-afyvxzlfjvtmuuhgdcezeztyxrsc/Build/Products/Debug-iphonesimulator/XCFrameworkIntermediates/google-cast-sdk -emit-localized-strings -emit-localized-strings-path /Users/aniskedidi/Library/Developer/Xcode/DerivedData/streamsports-afyvxzlfjvtmuuhgdcezeztyxrsc/Build/Intermediates.noindex/streamsports.build/Debug-iphonesimulator/streamsports.build/Objects-normal/x86_64 -c -j10 -enable-batch-mode -incremental -Xcc -ivfsstatcache -Xcc /Users/aniskedidi/Library/Developer/Xcode/DerivedData/SDKStatCaches.noindex/iphonesimulator26.0-23A339-26257891a6c027eb51374368541b8346.sdkstatcache -output-file-map /Users/aniskedidi/Library/Developer/Xcode/DerivedData/streamsports-afyvxzlfjvtmuuhgdcezeztyxrsc/Build/Intermediates.noindex/streamsports.build/Debug-iphonesimulator/streamsports.build/Objects-normal/x86_64/streamsports-OutputFileMap.json -use-frontend-parseable-output -save-temps -no-color-diagnostics -explicit-module-build -module-cache-path /Users/aniskedidi/Library/Developer/Xcode/DerivedData/streamsports-afyvxzlfjvtmuuhgdcezeztyxrsc/Build/Intermediates.noindex/SwiftExplicitPrecompiledModules -clang-scanner-module-cache-path /Users/aniskedidi/Library/Developer/Xcode/DerivedData/ModuleCache.noindex -sdk-module-cache-path /Users/aniskedidi/Library/Developer/Xcode/DerivedData/ModuleCache.noindex -serialize-diagnostics -emit-dependencies -emit-module -emit-module-path /Users/aniskedidi/Library/Developer/Xcode/DerivedData/streamsports-afyvxzlfjvtmuuhgdcezeztyxrsc/Build/Intermediates.noindex/streamsports.build/Debug-iphonesimulator/streamsports.build/Objects-normal/x86_64/streamsports.swiftmodule -validate-clang-modules-once -clang-build-session-file /Users/aniskedidi/Library/Developer/Xcode/DerivedData/ModuleCache.noindex/Session.modulevalidation -Xcc -I/Users/aniskedidi/Library/Developer/Xcode/DerivedData/streamsports-afyvxzlfjvtmuuhgdcezeztyxrsc/Build/Intermediates.noindex/streamsports.build/Debug-iphonesimulator/streamsports.build/swift-overrides.hmap -emit-const-values -Xfrontend -const-gather-protocols-file -Xfrontend /Users/aniskedidi/Library/Developer/Xcode/DerivedData/streamsports-afyvxzlfjvtmuuhgdcezeztyxrsc/Build/Intermediates.noindex/streamsports.build/Debug-iphonesimulator/streamsports.build/Objects-normal/x86_64/streamsports_const_extract_protocols.json -Xcc -iquote -Xcc /Users/aniskedidi/Library/Developer/Xcode/DerivedData/streamsports-afyvxzlfjvtmuuhgdcezeztyxrsc/Build/Intermediates.noindex/streamsports.build/Debug-iphonesimulator/streamsports.build/streamsports-generated-files.hmap -Xcc -I/Users/aniskedidi/Library/Developer/Xcode/DerivedData/streamsports-afyvxzlfjvtmuuhgdcezeztyxrsc/Build/Intermediates.noindex/streamsports.build/Debug-iphonesimulator/streamsports.build/streamsports-own-target-headers.hmap -Xcc -I/Users/aniskedidi/Library/Developer/Xcode/DerivedData/streamsports-afyvxzlfjvtmuuhgdcezeztyxrsc/Build/Intermediates.noindex/streamsports.build/Debug-iphonesimulator/streamsports.build/streamsports-all-non-framework-target-headers.hmap -Xcc -ivfsoverlay -Xcc /Users/aniskedidi/Library/Developer/Xcode/DerivedData/streamsports-afyvxzlfjvtmuuhgdcezeztyxrsc/Build/Intermediates.noindex/streamsports.build/Debug-iphonesimulator/streamsports-109f15be9a910319e836046913ff1234-VFS-iphonesimulator/all-product-headers.yaml -Xcc -iquote -Xcc /Users/aniskedidi/Library/Developer/Xcode/DerivedData/streamsports-afyvxzlfjvtmuuhgdcezeztyxrsc/Build/Intermediates.noindex/streamsports.build/Debug-iphonesimulator/streamsports.build/streamsports-project-headers.hmap -Xcc -I/Users/aniskedidi/Library/Developer/Xcode/DerivedData/streamsports-afyvxzlfjvtmuuhgdcezeztyxrsc/Build/Products/Debug-iphonesimulator/include -Xcc -I/Users/aniskedidi/Library/Developer/Xcode/DerivedData/streamsports-afyvxzlfjvtmuuhgdcezeztyxrsc/Build/Products/Debug-iphonesimulator/GCDWebServer/GCDWebServer.framework/Headers -Xcc -I/Users/aniskedidi/Library/Developer/Xcode/DerivedData/streamsports-afyvxzlfjvtmuuhgdcezeztyxrsc/Build/Intermediates.noindex/streamsports.build/Debug-iphonesimulator/streamsports.build/DerivedSources-normal/x86_64 -Xcc -I/Users/aniskedidi/Library/Developer/Xcode/DerivedData/streamsports-afyvxzlfjvtmuuhgdcezeztyxrsc/Build/Intermediates.noindex/streamsports.build/Debug-iphonesimulator/streamsports.build/DerivedSources/x86_64 -Xcc -I/Users/aniskedidi/Library/Developer/Xcode/DerivedData/streamsports-afyvxzlfjvtmuuhgdcezeztyxrsc/Build/Intermediates.noindex/streamsports.build/Debug-iphonesimulator/streamsports.build/DerivedSources -Xcc -DDEBUG\=1 -Xcc -DCOCOAPODS\=1 -emit-objc-header -emit-objc-header-path /Users/aniskedidi/Library/Developer/Xcode/DerivedData/streamsports-afyvxzlfjvtmuuhgdcezeztyxrsc/Build/Intermediates.noindex/streamsports.build/Debug-iphonesimulator/streamsports.build/Objects-normal/x86_64/streamsports-Swift.h -working-directory /Users/aniskedidi/Documents/perso/streamsports/ios/streamsports -experimental-emit-module-separately -disable-cmo

ProcessInfoPlistFile /Users/aniskedidi/Library/Developer/Xcode/DerivedData/streamsports-afyvxzlfjvtmuuhgdcezeztyxrsc/Build/Products/Debug-iphonesimulator/streamsports.app/Info.plist /Users/aniskedidi/Documents/perso/streamsports/ios/streamsports/streamsports/Info.plist (in target 'streamsports' from project 'streamsports')
    cd /Users/aniskedidi/Documents/perso/streamsports/ios/streamsports
    builtin-infoPlistUtility /Users/aniskedidi/Documents/perso/streamsports/ios/streamsports/streamsports/Info.plist -producttype com.apple.product-type.application -genpkginfo /Users/aniskedidi/Library/Developer/Xcode/DerivedData/streamsports-afyvxzlfjvtmuuhgdcezeztyxrsc/Build/Products/Debug-iphonesimulator/streamsports.app/PkgInfo -expandbuildsettings -format binary -platform iphonesimulator -additionalcontentfile /Users/aniskedidi/Library/Developer/Xcode/DerivedData/streamsports-afyvxzlfjvtmuuhgdcezeztyxrsc/Build/Intermediates.noindex/streamsports.build/Debug-iphonesimulator/streamsports.build/LaunchScreen-SBPartialInfo.plist -additionalcontentfile /Users/aniskedidi/Library/Developer/Xcode/DerivedData/streamsports-afyvxzlfjvtmuuhgdcezeztyxrsc/Build/Intermediates.noindex/streamsports.build/Debug-iphonesimulator/streamsports.build/assetcatalog_generated_info.plist -o /Users/aniskedidi/Library/Developer/Xcode/DerivedData/streamsports-afyvxzlfjvtmuuhgdcezeztyxrsc/Build/Products/Debug-iphonesimulator/streamsports.app/Info.plist

SwiftEmitModule normal x86_64 Emitting\ module\ for\ streamsports (in target 'streamsports' from project 'streamsports')

EmitSwiftModule normal x86_64 (in target 'streamsports' from project 'streamsports')
    cd /Users/aniskedidi/Documents/perso/streamsports/ios/streamsports
    
/Users/aniskedidi/Documents/perso/streamsports/ios/streamsports/streamsports/Managers/ChromecastManager.swift:111:10: warning: instance method 'remoteMediaClient(_:didStartMediaSessionId:)' nearly matches optional requirement 'remoteMediaClient(_:didStartMediaSessionWithID:)' of protocol 'GCKRemoteMediaClientListener'
    func remoteMediaClient(_ client: GCKRemoteMediaClient, didStartMediaSessionId mediaSessionId: Int) {
         ^
/Users/aniskedidi/Documents/perso/streamsports/ios/streamsports/streamsports/Managers/ChromecastManager.swift:111:10: note: rename to 'remoteMediaClient(_:didStartMediaSessionWithID:)' to satisfy this requirement
    func remoteMediaClient(_ client: GCKRemoteMediaClient, didStartMediaSessionId mediaSessionId: Int) {
         ^                                                 ~~~~~~~~~~~~~~~~~~~~~~
                                                           didStartMediaSessionWithID
/Users/aniskedidi/Documents/perso/streamsports/ios/streamsports/streamsports/Managers/ChromecastManager.swift:111:10: note: move 'remoteMediaClient(_:didStartMediaSessionId:)' to an extension to silence this warning
    func remoteMediaClient(_ client: GCKRemoteMediaClient, didStartMediaSessionId mediaSessionId: Int) {
         ^
/Users/aniskedidi/Documents/perso/streamsports/ios/streamsports/streamsports/Managers/ChromecastManager.swift:111:10: note: make 'remoteMediaClient(_:didStartMediaSessionId:)' private to silence this warning
    func remoteMediaClient(_ client: GCKRemoteMediaClient, didStartMediaSessionId mediaSessionId: Int) {
         ^
    private 
GoogleCast.GCKRemoteMediaClientListener.remoteMediaClient:2:15: note: requirement 'remoteMediaClient(_:didStartMediaSessionWithID:)' declared here
optional func remoteMediaClient(_ client: GCKRemoteMediaClient, didStartMediaSessionWithID sessionID: Int)}
              ^
/Users/aniskedidi/Documents/perso/streamsports/ios/streamsports/streamsports/Managers/ChromecastManager.swift:115:10: warning: instance method 'remoteMediaClient(_:didComplete:)' nearly matches optional requirement 'remoteMediaClient(_:didUpdate:)' of protocol 'GCKRemoteMediaClientListener'
    func remoteMediaClient(_ client: GCKRemoteMediaClient, didComplete loadRequest: GCKRequest) {
         ^
/Users/aniskedidi/Documents/perso/streamsports/ios/streamsports/streamsports/Managers/ChromecastManager.swift:115:10: note: move 'remoteMediaClient(_:didComplete:)' to an extension to silence this warning
    func remoteMediaClient(_ client: GCKRemoteMediaClient, didComplete loadRequest: GCKRequest) {
         ^
/Users/aniskedidi/Documents/perso/streamsports/ios/streamsports/streamsports/Managers/ChromecastManager.swift:115:10: note: make 'remoteMediaClient(_:didComplete:)' private to silence this warning
    func remoteMediaClient(_ client: GCKRemoteMediaClient, didComplete loadRequest: GCKRequest) {
         ^
    private 
GoogleCast.GCKRemoteMediaClientListener.remoteMediaClient:2:15: note: requirement 'remoteMediaClient(_:didUpdate:)' declared here
optional func remoteMediaClient(_ client: GCKRemoteMediaClient, didUpdate mediaMetadata: GCKMediaMetadata?)}
              ^

SwiftEmitModule normal arm64 Emitting\ module\ for\ streamsports (in target 'streamsports' from project 'streamsports')
EmitSwiftModule normal arm64 (in target 'streamsports' from project 'streamsports')
    cd /Users/aniskedidi/Documents/perso/streamsports/ios/streamsports
    
/Users/aniskedidi/Documents/perso/streamsports/ios/streamsports/streamsports/Managers/ChromecastManager.swift:111:10: warning: instance method 'remoteMediaClient(_:didStartMediaSessionId:)' nearly matches optional requirement 'remoteMediaClient(_:didStartMediaSessionWithID:)' of protocol 'GCKRemoteMediaClientListener'
    func remoteMediaClient(_ client: GCKRemoteMediaClient, didStartMediaSessionId mediaSessionId: Int) {
         ^
/Users/aniskedidi/Documents/perso/streamsports/ios/streamsports/streamsports/Managers/ChromecastManager.swift:111:10: note: rename to 'remoteMediaClient(_:didStartMediaSessionWithID:)' to satisfy this requirement
    func remoteMediaClient(_ client: GCKRemoteMediaClient, didStartMediaSessionId mediaSessionId: Int) {
         ^                                                 ~~~~~~~~~~~~~~~~~~~~~~
                                                           didStartMediaSessionWithID
/Users/aniskedidi/Documents/perso/streamsports/ios/streamsports/streamsports/Managers/ChromecastManager.swift:111:10: note: move 'remoteMediaClient(_:didStartMediaSessionId:)' to an extension to silence this warning
    func remoteMediaClient(_ client: GCKRemoteMediaClient, didStartMediaSessionId mediaSessionId: Int) {
         ^
/Users/aniskedidi/Documents/perso/streamsports/ios/streamsports/streamsports/Managers/ChromecastManager.swift:111:10: note: make 'remoteMediaClient(_:didStartMediaSessionId:)' private to silence this warning
    func remoteMediaClient(_ client: GCKRemoteMediaClient, didStartMediaSessionId mediaSessionId: Int) {
         ^
    private 
GoogleCast.GCKRemoteMediaClientListener.remoteMediaClient:2:15: note: requirement 'remoteMediaClient(_:didStartMediaSessionWithID:)' declared here
optional func remoteMediaClient(_ client: GCKRemoteMediaClient, didStartMediaSessionWithID sessionID: Int)}
              ^
/Users/aniskedidi/Documents/perso/streamsports/ios/streamsports/streamsports/Managers/ChromecastManager.swift:115:10: warning: instance method 'remoteMediaClient(_:didComplete:)' nearly matches optional requirement 'remoteMediaClient(_:didUpdate:)' of protocol 'GCKRemoteMediaClientListener'
    func remoteMediaClient(_ client: GCKRemoteMediaClient, didComplete loadRequest: GCKRequest) {
         ^
/Users/aniskedidi/Documents/perso/streamsports/ios/streamsports/streamsports/Managers/ChromecastManager.swift:115:10: note: move 'remoteMediaClient(_:didComplete:)' to an extension to silence this warning
    func remoteMediaClient(_ client: GCKRemoteMediaClient, didComplete loadRequest: GCKRequest) {
         ^
/Users/aniskedidi/Documents/perso/streamsports/ios/streamsports/streamsports/Managers/ChromecastManager.swift:115:10: note: make 'remoteMediaClient(_:didComplete:)' private to silence this warning
    func remoteMediaClient(_ client: GCKRemoteMediaClient, didComplete loadRequest: GCKRequest) {
         ^
    private 
GoogleCast.GCKRemoteMediaClientListener.remoteMediaClient:2:15: note: requirement 'remoteMediaClient(_:didUpdate:)' declared here
optional func remoteMediaClient(_ client: GCKRemoteMediaClient, didUpdate mediaMetadata: GCKMediaMetadata?)}
              ^

SwiftCompile normal x86_64 Compiling\ LocalProxyServer.swift /Users/aniskedidi/Documents/perso/streamsports/ios/streamsports/streamsports/Managers/LocalProxyServer.swift (in target 'streamsports' from project 'streamsports')
SwiftCompile normal x86_64 /Users/aniskedidi/Documents/perso/streamsports/ios/streamsports/streamsports/Managers/LocalProxyServer.swift (in target 'streamsports' from project 'streamsports')
    cd /Users/aniskedidi/Documents/perso/streamsports/ios/streamsports
    

SwiftCompile normal arm64 Compiling\ LocalProxyServer.swift /Users/aniskedidi/Documents/perso/streamsports/ios/streamsports/streamsports/Managers/LocalProxyServer.swift (in target 'streamsports' from project 'streamsports')

SwiftCompile normal arm64 /Users/aniskedidi/Documents/perso/streamsports/ios/streamsports/streamsports/Managers/LocalProxyServer.swift (in target 'streamsports' from project 'streamsports')
    cd /Users/aniskedidi/Documents/perso/streamsports/ios/streamsports
    

SwiftDriverJobDiscovery normal x86_64 Emitting module for streamsports (in target 'streamsports' from project 'streamsports')

SwiftDriver\ Compilation\ Requirements streamsports normal x86_64 com.apple.xcode.tools.swift.compiler (in target 'streamsports' from project 'streamsports')
    cd /Users/aniskedidi/Documents/perso/streamsports/ios/streamsports
    builtin-Swift-Compilation-Requirements -- /Applications/Xcode.app/Contents/Developer/Toolchains/XcodeDefault.xctoolchain/usr/bin/swiftc -module-name streamsports -Onone -enforce-exclusivity\=checked @/Users/aniskedidi/Library/Developer/Xcode/DerivedData/streamsports-afyvxzlfjvtmuuhgdcezeztyxrsc/Build/Intermediates.noindex/streamsports.build/Debug-iphonesimulator/streamsports.build/Objects-normal/x86_64/streamsports.SwiftFileList -DDEBUG -default-isolation\=MainActor -enable-bare-slash-regex -enable-upcoming-feature DisableOutwardActorInference -enable-upcoming-feature InferSendableFromCaptures -enable-upcoming-feature GlobalActorIsolatedTypesUsability -enable-upcoming-feature MemberImportVisibility -enable-upcoming-feature InferIsolatedConformances -enable-upcoming-feature NonisolatedNonsendingByDefault -enable-experimental-feature DebugDescriptionMacro -sdk /Applications/Xcode.app/Contents/Developer/Platforms/iPhoneSimulator.platform/Developer/SDKs/iPhoneSimulator26.0.sdk -target x86_64-apple-ios16.6-simulator -g -module-cache-path /Users/aniskedidi/Library/Developer/Xcode/DerivedData/ModuleCache.noindex -Xfrontend -serialize-debugging-options -enable-testing -index-store-path /Users/aniskedidi/Library/Developer/Xcode/DerivedData/streamsports-afyvxzlfjvtmuuhgdcezeztyxrsc/Index.noindex/DataStore -Xcc -D_LIBCPP_HARDENING_MODE\=_LIBCPP_HARDENING_MODE_DEBUG -swift-version 5 -I /Users/aniskedidi/Library/Developer/Xcode/DerivedData/streamsports-afyvxzlfjvtmuuhgdcezeztyxrsc/Build/Products/Debug-iphonesimulator -F /Users/aniskedidi/Library/Developer/Xcode/DerivedData/streamsports-afyvxzlfjvtmuuhgdcezeztyxrsc/Build/Products/Debug-iphonesimulator -F /Users/aniskedidi/Library/Developer/Xcode/DerivedData/streamsports-afyvxzlfjvtmuuhgdcezeztyxrsc/Build/Products/Debug-iphonesimulator/GCDWebServer -F /Users/aniskedidi/Documents/perso/streamsports/ios/streamsports/Pods/google-cast-sdk/GoogleCastSDK-ios-4.8.4_static_xcframework -F /Users/aniskedidi/Library/Developer/Xcode/DerivedData/streamsports-afyvxzlfjvtmuuhgdcezeztyxrsc/Build/Products/Debug-iphonesimulator/XCFrameworkIntermediates/google-cast-sdk -emit-localized-strings -emit-localized-strings-path /Users/aniskedidi/Library/Developer/Xcode/DerivedData/streamsports-afyvxzlfjvtmuuhgdcezeztyxrsc/Build/Intermediates.noindex/streamsports.build/Debug-iphonesimulator/streamsports.build/Objects-normal/x86_64 -c -j10 -enable-batch-mode -incremental -Xcc -ivfsstatcache -Xcc /Users/aniskedidi/Library/Developer/Xcode/DerivedData/SDKStatCaches.noindex/iphonesimulator26.0-23A339-26257891a6c027eb51374368541b8346.sdkstatcache -output-file-map /Users/aniskedidi/Library/Developer/Xcode/DerivedData/streamsports-afyvxzlfjvtmuuhgdcezeztyxrsc/Build/Intermediates.noindex/streamsports.build/Debug-iphonesimulator/streamsports.build/Objects-normal/x86_64/streamsports-OutputFileMap.json -use-frontend-parseable-output -save-temps -no-color-diagnostics -explicit-module-build -module-cache-path /Users/aniskedidi/Library/Developer/Xcode/DerivedData/streamsports-afyvxzlfjvtmuuhgdcezeztyxrsc/Build/Intermediates.noindex/SwiftExplicitPrecompiledModules -clang-scanner-module-cache-path /Users/aniskedidi/Library/Developer/Xcode/DerivedData/ModuleCache.noindex -sdk-module-cache-path /Users/aniskedidi/Library/Developer/Xcode/DerivedData/ModuleCache.noindex -serialize-diagnostics -emit-dependencies -emit-module -emit-module-path /Users/aniskedidi/Library/Developer/Xcode/DerivedData/streamsports-afyvxzlfjvtmuuhgdcezeztyxrsc/Build/Intermediates.noindex/streamsports.build/Debug-iphonesimulator/streamsports.build/Objects-normal/x86_64/streamsports.swiftmodule -validate-clang-modules-once -clang-build-session-file /Users/aniskedidi/Library/Developer/Xcode/DerivedData/ModuleCache.noindex/Session.modulevalidation -Xcc -I/Users/aniskedidi/Library/Developer/Xcode/DerivedData/streamsports-afyvxzlfjvtmuuhgdcezeztyxrsc/Build/Intermediates.noindex/streamsports.build/Debug-iphonesimulator/streamsports.build/swift-overrides.hmap -emit-const-values -Xfrontend -const-gather-protocols-file -Xfrontend /Users/aniskedidi/Library/Developer/Xcode/DerivedData/streamsports-afyvxzlfjvtmuuhgdcezeztyxrsc/Build/Intermediates.noindex/streamsports.build/Debug-iphonesimulator/streamsports.build/Objects-normal/x86_64/streamsports_const_extract_protocols.json -Xcc -iquote -Xcc /Users/aniskedidi/Library/Developer/Xcode/DerivedData/streamsports-afyvxzlfjvtmuuhgdcezeztyxrsc/Build/Intermediates.noindex/streamsports.build/Debug-iphonesimulator/streamsports.build/streamsports-generated-files.hmap -Xcc -I/Users/aniskedidi/Library/Developer/Xcode/DerivedData/streamsports-afyvxzlfjvtmuuhgdcezeztyxrsc/Build/Intermediates.noindex/streamsports.build/Debug-iphonesimulator/streamsports.build/streamsports-own-target-headers.hmap -Xcc -I/Users/aniskedidi/Library/Developer/Xcode/DerivedData/streamsports-afyvxzlfjvtmuuhgdcezeztyxrsc/Build/Intermediates.noindex/streamsports.build/Debug-iphonesimulator/streamsports.build/streamsports-all-non-framework-target-headers.hmap -Xcc -ivfsoverlay -Xcc /Users/aniskedidi/Library/Developer/Xcode/DerivedData/streamsports-afyvxzlfjvtmuuhgdcezeztyxrsc/Build/Intermediates.noindex/streamsports.build/Debug-iphonesimulator/streamsports-109f15be9a910319e836046913ff1234-VFS-iphonesimulator/all-product-headers.yaml -Xcc -iquote -Xcc /Users/aniskedidi/Library/Developer/Xcode/DerivedData/streamsports-afyvxzlfjvtmuuhgdcezeztyxrsc/Build/Intermediates.noindex/streamsports.build/Debug-iphonesimulator/streamsports.build/streamsports-project-headers.hmap -Xcc -I/Users/aniskedidi/Library/Developer/Xcode/DerivedData/streamsports-afyvxzlfjvtmuuhgdcezeztyxrsc/Build/Products/Debug-iphonesimulator/include -Xcc -I/Users/aniskedidi/Library/Developer/Xcode/DerivedData/streamsports-afyvxzlfjvtmuuhgdcezeztyxrsc/Build/Products/Debug-iphonesimulator/GCDWebServer/GCDWebServer.framework/Headers -Xcc -I/Users/aniskedidi/Library/Developer/Xcode/DerivedData/streamsports-afyvxzlfjvtmuuhgdcezeztyxrsc/Build/Intermediates.noindex/streamsports.build/Debug-iphonesimulator/streamsports.build/DerivedSources-normal/x86_64 -Xcc -I/Users/aniskedidi/Library/Developer/Xcode/DerivedData/streamsports-afyvxzlfjvtmuuhgdcezeztyxrsc/Build/Intermediates.noindex/streamsports.build/Debug-iphonesimulator/streamsports.build/DerivedSources/x86_64 -Xcc -I/Users/aniskedidi/Library/Developer/Xcode/DerivedData/streamsports-afyvxzlfjvtmuuhgdcezeztyxrsc/Build/Intermediates.noindex/streamsports.build/Debug-iphonesimulator/streamsports.build/DerivedSources -Xcc -DDEBUG\=1 -Xcc -DCOCOAPODS\=1 -emit-objc-header -emit-objc-header-path /Users/aniskedidi/Library/Developer/Xcode/DerivedData/streamsports-afyvxzlfjvtmuuhgdcezeztyxrsc/Build/Intermediates.noindex/streamsports.build/Debug-iphonesimulator/streamsports.build/Objects-normal/x86_64/streamsports-Swift.h -working-directory /Users/aniskedidi/Documents/perso/streamsports/ios/streamsports -experimental-emit-module-separately -disable-cmo

SwiftDriverJobDiscovery normal arm64 Compiling LocalProxyServer.swift (in target 'streamsports' from project 'streamsports')

SwiftDriver\ Compilation streamsports normal arm64 com.apple.xcode.tools.swift.compiler (in target 'streamsports' from project 'streamsports')
    cd /Users/aniskedidi/Documents/perso/streamsports/ios/streamsports
    builtin-Swift-Compilation -- /Applications/Xcode.app/Contents/Developer/Toolchains/XcodeDefault.xctoolchain/usr/bin/swiftc -module-name streamsports -Onone -enforce-exclusivity\=checked @/Users/aniskedidi/Library/Developer/Xcode/DerivedData/streamsports-afyvxzlfjvtmuuhgdcezeztyxrsc/Build/Intermediates.noindex/streamsports.build/Debug-iphonesimulator/streamsports.build/Objects-normal/arm64/streamsports.SwiftFileList -DDEBUG -default-isolation\=MainActor -enable-bare-slash-regex -enable-upcoming-feature DisableOutwardActorInference -enable-upcoming-feature InferSendableFromCaptures -enable-upcoming-feature GlobalActorIsolatedTypesUsability -enable-upcoming-feature MemberImportVisibility -enable-upcoming-feature InferIsolatedConformances -enable-upcoming-feature NonisolatedNonsendingByDefault -enable-experimental-feature DebugDescriptionMacro -sdk /Applications/Xcode.app/Contents/Developer/Platforms/iPhoneSimulator.platform/Developer/SDKs/iPhoneSimulator26.0.sdk -target arm64-apple-ios16.6-simulator -g -module-cache-path /Users/aniskedidi/Library/Developer/Xcode/DerivedData/ModuleCache.noindex -Xfrontend -serialize-debugging-options -enable-testing -index-store-path /Users/aniskedidi/Library/Developer/Xcode/DerivedData/streamsports-afyvxzlfjvtmuuhgdcezeztyxrsc/Index.noindex/DataStore -Xcc -D_LIBCPP_HARDENING_MODE\=_LIBCPP_HARDENING_MODE_DEBUG -swift-version 5 -I /Users/aniskedidi/Library/Developer/Xcode/DerivedData/streamsports-afyvxzlfjvtmuuhgdcezeztyxrsc/Build/Products/Debug-iphonesimulator -F /Users/aniskedidi/Library/Developer/Xcode/DerivedData/streamsports-afyvxzlfjvtmuuhgdcezeztyxrsc/Build/Products/Debug-iphonesimulator -F /Users/aniskedidi/Library/Developer/Xcode/DerivedData/streamsports-afyvxzlfjvtmuuhgdcezeztyxrsc/Build/Products/Debug-iphonesimulator/GCDWebServer -F /Users/aniskedidi/Documents/perso/streamsports/ios/streamsports/Pods/google-cast-sdk/GoogleCastSDK-ios-4.8.4_static_xcframework -F /Users/aniskedidi/Library/Developer/Xcode/DerivedData/streamsports-afyvxzlfjvtmuuhgdcezeztyxrsc/Build/Products/Debug-iphonesimulator/XCFrameworkIntermediates/google-cast-sdk -emit-localized-strings -emit-localized-strings-path /Users/aniskedidi/Library/Developer/Xcode/DerivedData/streamsports-afyvxzlfjvtmuuhgdcezeztyxrsc/Build/Intermediates.noindex/streamsports.build/Debug-iphonesimulator/streamsports.build/Objects-normal/arm64 -c -j10 -enable-batch-mode -incremental -Xcc -ivfsstatcache -Xcc /Users/aniskedidi/Library/Developer/Xcode/DerivedData/SDKStatCaches.noindex/iphonesimulator26.0-23A339-26257891a6c027eb51374368541b8346.sdkstatcache -output-file-map /Users/aniskedidi/Library/Developer/Xcode/DerivedData/streamsports-afyvxzlfjvtmuuhgdcezeztyxrsc/Build/Intermediates.noindex/streamsports.build/Debug-iphonesimulator/streamsports.build/Objects-normal/arm64/streamsports-OutputFileMap.json -use-frontend-parseable-output -save-temps -no-color-diagnostics -explicit-module-build -module-cache-path /Users/aniskedidi/Library/Developer/Xcode/DerivedData/streamsports-afyvxzlfjvtmuuhgdcezeztyxrsc/Build/Intermediates.noindex/SwiftExplicitPrecompiledModules -clang-scanner-module-cache-path /Users/aniskedidi/Library/Developer/Xcode/DerivedData/ModuleCache.noindex -sdk-module-cache-path /Users/aniskedidi/Library/Developer/Xcode/DerivedData/ModuleCache.noindex -serialize-diagnostics -emit-dependencies -emit-module -emit-module-path /Users/aniskedidi/Library/Developer/Xcode/DerivedData/streamsports-afyvxzlfjvtmuuhgdcezeztyxrsc/Build/Intermediates.noindex/streamsports.build/Debug-iphonesimulator/streamsports.build/Objects-normal/arm64/streamsports.swiftmodule -validate-clang-modules-once -clang-build-session-file /Users/aniskedidi/Library/Developer/Xcode/DerivedData/ModuleCache.noindex/Session.modulevalidation -Xcc -I/Users/aniskedidi/Library/Developer/Xcode/DerivedData/streamsports-afyvxzlfjvtmuuhgdcezeztyxrsc/Build/Intermediates.noindex/streamsports.build/Debug-iphonesimulator/streamsports.build/swift-overrides.hmap -emit-const-values -Xfrontend -const-gather-protocols-file -Xfrontend /Users/aniskedidi/Library/Developer/Xcode/DerivedData/streamsports-afyvxzlfjvtmuuhgdcezeztyxrsc/Build/Intermediates.noindex/streamsports.build/Debug-iphonesimulator/streamsports.build/Objects-normal/arm64/streamsports_const_extract_protocols.json -Xcc -iquote -Xcc /Users/aniskedidi/Library/Developer/Xcode/DerivedData/streamsports-afyvxzlfjvtmuuhgdcezeztyxrsc/Build/Intermediates.noindex/streamsports.build/Debug-iphonesimulator/streamsports.build/streamsports-generated-files.hmap -Xcc -I/Users/aniskedidi/Library/Developer/Xcode/DerivedData/streamsports-afyvxzlfjvtmuuhgdcezeztyxrsc/Build/Intermediates.noindex/streamsports.build/Debug-iphonesimulator/streamsports.build/streamsports-own-target-headers.hmap -Xcc -I/Users/aniskedidi/Library/Developer/Xcode/DerivedData/streamsports-afyvxzlfjvtmuuhgdcezeztyxrsc/Build/Intermediates.noindex/streamsports.build/Debug-iphonesimulator/streamsports.build/streamsports-all-non-framework-target-headers.hmap -Xcc -ivfsoverlay -Xcc /Users/aniskedidi/Library/Developer/Xcode/DerivedData/streamsports-afyvxzlfjvtmuuhgdcezeztyxrsc/Build/Intermediates.noindex/streamsports.build/Debug-iphonesimulator/streamsports-109f15be9a910319e836046913ff1234-VFS-iphonesimulator/all-product-headers.yaml -Xcc -iquote -Xcc /Users/aniskedidi/Library/Developer/Xcode/DerivedData/streamsports-afyvxzlfjvtmuuhgdcezeztyxrsc/Build/Intermediates.noindex/streamsports.build/Debug-iphonesimulator/streamsports.build/streamsports-project-headers.hmap -Xcc -I/Users/aniskedidi/Library/Developer/Xcode/DerivedData/streamsports-afyvxzlfjvtmuuhgdcezeztyxrsc/Build/Products/Debug-iphonesimulator/include -Xcc -I/Users/aniskedidi/Library/Developer/Xcode/DerivedData/streamsports-afyvxzlfjvtmuuhgdcezeztyxrsc/Build/Products/Debug-iphonesimulator/GCDWebServer/GCDWebServer.framework/Headers -Xcc -I/Users/aniskedidi/Library/Developer/Xcode/DerivedData/streamsports-afyvxzlfjvtmuuhgdcezeztyxrsc/Build/Intermediates.noindex/streamsports.build/Debug-iphonesimulator/streamsports.build/DerivedSources-normal/arm64 -Xcc -I/Users/aniskedidi/Library/Developer/Xcode/DerivedData/streamsports-afyvxzlfjvtmuuhgdcezeztyxrsc/Build/Intermediates.noindex/streamsports.build/Debug-iphonesimulator/streamsports.build/DerivedSources/arm64 -Xcc -I/Users/aniskedidi/Library/Developer/Xcode/DerivedData/streamsports-afyvxzlfjvtmuuhgdcezeztyxrsc/Build/Intermediates.noindex/streamsports.build/Debug-iphonesimulator/streamsports.build/DerivedSources -Xcc -DDEBUG\=1 -Xcc -DCOCOAPODS\=1 -emit-objc-header -emit-objc-header-path /Users/aniskedidi/Library/Developer/Xcode/DerivedData/streamsports-afyvxzlfjvtmuuhgdcezeztyxrsc/Build/Intermediates.noindex/streamsports.build/Debug-iphonesimulator/streamsports.build/Objects-normal/arm64/streamsports-Swift.h -working-directory /Users/aniskedidi/Documents/perso/streamsports/ios/streamsports -experimental-emit-module-separately -disable-cmo

SwiftDriverJobDiscovery normal x86_64 Compiling LocalProxyServer.swift (in target 'streamsports' from project 'streamsports')

SwiftDriver\ Compilation streamsports normal x86_64 com.apple.xcode.tools.swift.compiler (in target 'streamsports' from project 'streamsports')
    cd /Users/aniskedidi/Documents/perso/streamsports/ios/streamsports
    builtin-Swift-Compilation -- /Applications/Xcode.app/Contents/Developer/Toolchains/XcodeDefault.xctoolchain/usr/bin/swiftc -module-name streamsports -Onone -enforce-exclusivity\=checked @/Users/aniskedidi/Library/Developer/Xcode/DerivedData/streamsports-afyvxzlfjvtmuuhgdcezeztyxrsc/Build/Intermediates.noindex/streamsports.build/Debug-iphonesimulator/streamsports.build/Objects-normal/x86_64/streamsports.SwiftFileList -DDEBUG -default-isolation\=MainActor -enable-bare-slash-regex -enable-upcoming-feature DisableOutwardActorInference -enable-upcoming-feature InferSendableFromCaptures -enable-upcoming-feature GlobalActorIsolatedTypesUsability -enable-upcoming-feature MemberImportVisibility -enable-upcoming-feature InferIsolatedConformances -enable-upcoming-feature NonisolatedNonsendingByDefault -enable-experimental-feature DebugDescriptionMacro -sdk /Applications/Xcode.app/Contents/Developer/Platforms/iPhoneSimulator.platform/Developer/SDKs/iPhoneSimulator26.0.sdk -target x86_64-apple-ios16.6-simulator -g -module-cache-path /Users/aniskedidi/Library/Developer/Xcode/DerivedData/ModuleCache.noindex -Xfrontend -serialize-debugging-options -enable-testing -index-store-path /Users/aniskedidi/Library/Developer/Xcode/DerivedData/streamsports-afyvxzlfjvtmuuhgdcezeztyxrsc/Index.noindex/DataStore -Xcc -D_LIBCPP_HARDENING_MODE\=_LIBCPP_HARDENING_MODE_DEBUG -swift-version 5 -I /Users/aniskedidi/Library/Developer/Xcode/DerivedData/streamsports-afyvxzlfjvtmuuhgdcezeztyxrsc/Build/Products/Debug-iphonesimulator -F /Users/aniskedidi/Library/Developer/Xcode/DerivedData/streamsports-afyvxzlfjvtmuuhgdcezeztyxrsc/Build/Products/Debug-iphonesimulator -F /Users/aniskedidi/Library/Developer/Xcode/DerivedData/streamsports-afyvxzlfjvtmuuhgdcezeztyxrsc/Build/Products/Debug-iphonesimulator/GCDWebServer -F /Users/aniskedidi/Documents/perso/streamsports/ios/streamsports/Pods/google-cast-sdk/GoogleCastSDK-ios-4.8.4_static_xcframework -F /Users/aniskedidi/Library/Developer/Xcode/DerivedData/streamsports-afyvxzlfjvtmuuhgdcezeztyxrsc/Build/Products/Debug-iphonesimulator/XCFrameworkIntermediates/google-cast-sdk -emit-localized-strings -emit-localized-strings-path /Users/aniskedidi/Library/Developer/Xcode/DerivedData/streamsports-afyvxzlfjvtmuuhgdcezeztyxrsc/Build/Intermediates.noindex/streamsports.build/Debug-iphonesimulator/streamsports.build/Objects-normal/x86_64 -c -j10 -enable-batch-mode -incremental -Xcc -ivfsstatcache -Xcc /Users/aniskedidi/Library/Developer/Xcode/DerivedData/SDKStatCaches.noindex/iphonesimulator26.0-23A339-26257891a6c027eb51374368541b8346.sdkstatcache -output-file-map /Users/aniskedidi/Library/Developer/Xcode/DerivedData/streamsports-afyvxzlfjvtmuuhgdcezeztyxrsc/Build/Intermediates.noindex/streamsports.build/Debug-iphonesimulator/streamsports.build/Objects-normal/x86_64/streamsports-OutputFileMap.json -use-frontend-parseable-output -save-temps -no-color-diagnostics -explicit-module-build -module-cache-path /Users/aniskedidi/Library/Developer/Xcode/DerivedData/streamsports-afyvxzlfjvtmuuhgdcezeztyxrsc/Build/Intermediates.noindex/SwiftExplicitPrecompiledModules -clang-scanner-module-cache-path /Users/aniskedidi/Library/Developer/Xcode/DerivedData/ModuleCache.noindex -sdk-module-cache-path /Users/aniskedidi/Library/Developer/Xcode/DerivedData/ModuleCache.noindex -serialize-diagnostics -emit-dependencies -emit-module -emit-module-path /Users/aniskedidi/Library/Developer/Xcode/DerivedData/streamsports-afyvxzlfjvtmuuhgdcezeztyxrsc/Build/Intermediates.noindex/streamsports.build/Debug-iphonesimulator/streamsports.build/Objects-normal/x86_64/streamsports.swiftmodule -validate-clang-modules-once -clang-build-session-file /Users/aniskedidi/Library/Developer/Xcode/DerivedData/ModuleCache.noindex/Session.modulevalidation -Xcc -I/Users/aniskedidi/Library/Developer/Xcode/DerivedData/streamsports-afyvxzlfjvtmuuhgdcezeztyxrsc/Build/Intermediates.noindex/streamsports.build/Debug-iphonesimulator/streamsports.build/swift-overrides.hmap -emit-const-values -Xfrontend -const-gather-protocols-file -Xfrontend /Users/aniskedidi/Library/Developer/Xcode/DerivedData/streamsports-afyvxzlfjvtmuuhgdcezeztyxrsc/Build/Intermediates.noindex/streamsports.build/Debug-iphonesimulator/streamsports.build/Objects-normal/x86_64/streamsports_const_extract_protocols.json -Xcc -iquote -Xcc /Users/aniskedidi/Library/Developer/Xcode/DerivedData/streamsports-afyvxzlfjvtmuuhgdcezeztyxrsc/Build/Intermediates.noindex/streamsports.build/Debug-iphonesimulator/streamsports.build/streamsports-generated-files.hmap -Xcc -I/Users/aniskedidi/Library/Developer/Xcode/DerivedData/streamsports-afyvxzlfjvtmuuhgdcezeztyxrsc/Build/Intermediates.noindex/streamsports.build/Debug-iphonesimulator/streamsports.build/streamsports-own-target-headers.hmap -Xcc -I/Users/aniskedidi/Library/Developer/Xcode/DerivedData/streamsports-afyvxzlfjvtmuuhgdcezeztyxrsc/Build/Intermediates.noindex/streamsports.build/Debug-iphonesimulator/streamsports.build/streamsports-all-non-framework-target-headers.hmap -Xcc -ivfsoverlay -Xcc /Users/aniskedidi/Library/Developer/Xcode/DerivedData/streamsports-afyvxzlfjvtmuuhgdcezeztyxrsc/Build/Intermediates.noindex/streamsports.build/Debug-iphonesimulator/streamsports-109f15be9a910319e836046913ff1234-VFS-iphonesimulator/all-product-headers.yaml -Xcc -iquote -Xcc /Users/aniskedidi/Library/Developer/Xcode/DerivedData/streamsports-afyvxzlfjvtmuuhgdcezeztyxrsc/Build/Intermediates.noindex/streamsports.build/Debug-iphonesimulator/streamsports.build/streamsports-project-headers.hmap -Xcc -I/Users/aniskedidi/Library/Developer/Xcode/DerivedData/streamsports-afyvxzlfjvtmuuhgdcezeztyxrsc/Build/Products/Debug-iphonesimulator/include -Xcc -I/Users/aniskedidi/Library/Developer/Xcode/DerivedData/streamsports-afyvxzlfjvtmuuhgdcezeztyxrsc/Build/Products/Debug-iphonesimulator/GCDWebServer/GCDWebServer.framework/Headers -Xcc -I/Users/aniskedidi/Library/Developer/Xcode/DerivedData/streamsports-afyvxzlfjvtmuuhgdcezeztyxrsc/Build/Intermediates.noindex/streamsports.build/Debug-iphonesimulator/streamsports.build/DerivedSources-normal/x86_64 -Xcc -I/Users/aniskedidi/Library/Developer/Xcode/DerivedData/streamsports-afyvxzlfjvtmuuhgdcezeztyxrsc/Build/Intermediates.noindex/streamsports.build/Debug-iphonesimulator/streamsports.build/DerivedSources/x86_64 -Xcc -I/Users/aniskedidi/Library/Developer/Xcode/DerivedData/streamsports-afyvxzlfjvtmuuhgdcezeztyxrsc/Build/Intermediates.noindex/streamsports.build/Debug-iphonesimulator/streamsports.build/DerivedSources -Xcc -DDEBUG\=1 -Xcc -DCOCOAPODS\=1 -emit-objc-header -emit-objc-header-path /Users/aniskedidi/Library/Developer/Xcode/DerivedData/streamsports-afyvxzlfjvtmuuhgdcezeztyxrsc/Build/Intermediates.noindex/streamsports.build/Debug-iphonesimulator/streamsports.build/Objects-normal/x86_64/streamsports-Swift.h -working-directory /Users/aniskedidi/Documents/perso/streamsports/ios/streamsports -experimental-emit-module-separately -disable-cmo

SwiftDriverJobDiscovery normal arm64 Emitting module for streamsports (in target 'streamsports' from project 'streamsports')

SwiftDriver\ Compilation\ Requirements streamsports normal arm64 com.apple.xcode.tools.swift.compiler (in target 'streamsports' from project 'streamsports')
    cd /Users/aniskedidi/Documents/perso/streamsports/ios/streamsports
    builtin-Swift-Compilation-Requirements -- /Applications/Xcode.app/Contents/Developer/Toolchains/XcodeDefault.xctoolchain/usr/bin/swiftc -module-name streamsports -Onone -enforce-exclusivity\=checked @/Users/aniskedidi/Library/Developer/Xcode/DerivedData/streamsports-afyvxzlfjvtmuuhgdcezeztyxrsc/Build/Intermediates.noindex/streamsports.build/Debug-iphonesimulator/streamsports.build/Objects-normal/arm64/streamsports.SwiftFileList -DDEBUG -default-isolation\=MainActor -enable-bare-slash-regex -enable-upcoming-feature DisableOutwardActorInference -enable-upcoming-feature InferSendableFromCaptures -enable-upcoming-feature GlobalActorIsolatedTypesUsability -enable-upcoming-feature MemberImportVisibility -enable-upcoming-feature InferIsolatedConformances -enable-upcoming-feature NonisolatedNonsendingByDefault -enable-experimental-feature DebugDescriptionMacro -sdk /Applications/Xcode.app/Contents/Developer/Platforms/iPhoneSimulator.platform/Developer/SDKs/iPhoneSimulator26.0.sdk -target arm64-apple-ios16.6-simulator -g -module-cache-path /Users/aniskedidi/Library/Developer/Xcode/DerivedData/ModuleCache.noindex -Xfrontend -serialize-debugging-options -enable-testing -index-store-path /Users/aniskedidi/Library/Developer/Xcode/DerivedData/streamsports-afyvxzlfjvtmuuhgdcezeztyxrsc/Index.noindex/DataStore -Xcc -D_LIBCPP_HARDENING_MODE\=_LIBCPP_HARDENING_MODE_DEBUG -swift-version 5 -I /Users/aniskedidi/Library/Developer/Xcode/DerivedData/streamsports-afyvxzlfjvtmuuhgdcezeztyxrsc/Build/Products/Debug-iphonesimulator -F /Users/aniskedidi/Library/Developer/Xcode/DerivedData/streamsports-afyvxzlfjvtmuuhgdcezeztyxrsc/Build/Products/Debug-iphonesimulator -F /Users/aniskedidi/Library/Developer/Xcode/DerivedData/streamsports-afyvxzlfjvtmuuhgdcezeztyxrsc/Build/Products/Debug-iphonesimulator/GCDWebServer -F /Users/aniskedidi/Documents/perso/streamsports/ios/streamsports/Pods/google-cast-sdk/GoogleCastSDK-ios-4.8.4_static_xcframework -F /Users/aniskedidi/Library/Developer/Xcode/DerivedData/streamsports-afyvxzlfjvtmuuhgdcezeztyxrsc/Build/Products/Debug-iphonesimulator/XCFrameworkIntermediates/google-cast-sdk -emit-localized-strings -emit-localized-strings-path /Users/aniskedidi/Library/Developer/Xcode/DerivedData/streamsports-afyvxzlfjvtmuuhgdcezeztyxrsc/Build/Intermediates.noindex/streamsports.build/Debug-iphonesimulator/streamsports.build/Objects-normal/arm64 -c -j10 -enable-batch-mode -incremental -Xcc -ivfsstatcache -Xcc /Users/aniskedidi/Library/Developer/Xcode/DerivedData/SDKStatCaches.noindex/iphonesimulator26.0-23A339-26257891a6c027eb51374368541b8346.sdkstatcache -output-file-map /Users/aniskedidi/Library/Developer/Xcode/DerivedData/streamsports-afyvxzlfjvtmuuhgdcezeztyxrsc/Build/Intermediates.noindex/streamsports.build/Debug-iphonesimulator/streamsports.build/Objects-normal/arm64/streamsports-OutputFileMap.json -use-frontend-parseable-output -save-temps -no-color-diagnostics -explicit-module-build -module-cache-path /Users/aniskedidi/Library/Developer/Xcode/DerivedData/streamsports-afyvxzlfjvtmuuhgdcezeztyxrsc/Build/Intermediates.noindex/SwiftExplicitPrecompiledModules -clang-scanner-module-cache-path /Users/aniskedidi/Library/Developer/Xcode/DerivedData/ModuleCache.noindex -sdk-module-cache-path /Users/aniskedidi/Library/Developer/Xcode/DerivedData/ModuleCache.noindex -serialize-diagnostics -emit-dependencies -emit-module -emit-module-path /Users/aniskedidi/Library/Developer/Xcode/DerivedData/streamsports-afyvxzlfjvtmuuhgdcezeztyxrsc/Build/Intermediates.noindex/streamsports.build/Debug-iphonesimulator/streamsports.build/Objects-normal/arm64/streamsports.swiftmodule -validate-clang-modules-once -clang-build-session-file /Users/aniskedidi/Library/Developer/Xcode/DerivedData/ModuleCache.noindex/Session.modulevalidation -Xcc -I/Users/aniskedidi/Library/Developer/Xcode/DerivedData/streamsports-afyvxzlfjvtmuuhgdcezeztyxrsc/Build/Intermediates.noindex/streamsports.build/Debug-iphonesimulator/streamsports.build/swift-overrides.hmap -emit-const-values -Xfrontend -const-gather-protocols-file -Xfrontend /Users/aniskedidi/Library/Developer/Xcode/DerivedData/streamsports-afyvxzlfjvtmuuhgdcezeztyxrsc/Build/Intermediates.noindex/streamsports.build/Debug-iphonesimulator/streamsports.build/Objects-normal/arm64/streamsports_const_extract_protocols.json -Xcc -iquote -Xcc /Users/aniskedidi/Library/Developer/Xcode/DerivedData/streamsports-afyvxzlfjvtmuuhgdcezeztyxrsc/Build/Intermediates.noindex/streamsports.build/Debug-iphonesimulator/streamsports.build/streamsports-generated-files.hmap -Xcc -I/Users/aniskedidi/Library/Developer/Xcode/DerivedData/streamsports-afyvxzlfjvtmuuhgdcezeztyxrsc/Build/Intermediates.noindex/streamsports.build/Debug-iphonesimulator/streamsports.build/streamsports-own-target-headers.hmap -Xcc -I/Users/aniskedidi/Library/Developer/Xcode/DerivedData/streamsports-afyvxzlfjvtmuuhgdcezeztyxrsc/Build/Intermediates.noindex/streamsports.build/Debug-iphonesimulator/streamsports.build/streamsports-all-non-framework-target-headers.hmap -Xcc -ivfsoverlay -Xcc /Users/aniskedidi/Library/Developer/Xcode/DerivedData/streamsports-afyvxzlfjvtmuuhgdcezeztyxrsc/Build/Intermediates.noindex/streamsports.build/Debug-iphonesimulator/streamsports-109f15be9a910319e836046913ff1234-VFS-iphonesimulator/all-product-headers.yaml -Xcc -iquote -Xcc /Users/aniskedidi/Library/Developer/Xcode/DerivedData/streamsports-afyvxzlfjvtmuuhgdcezeztyxrsc/Build/Intermediates.noindex/streamsports.build/Debug-iphonesimulator/streamsports.build/streamsports-project-headers.hmap -Xcc -I/Users/aniskedidi/Library/Developer/Xcode/DerivedData/streamsports-afyvxzlfjvtmuuhgdcezeztyxrsc/Build/Products/Debug-iphonesimulator/include -Xcc -I/Users/aniskedidi/Library/Developer/Xcode/DerivedData/streamsports-afyvxzlfjvtmuuhgdcezeztyxrsc/Build/Products/Debug-iphonesimulator/GCDWebServer/GCDWebServer.framework/Headers -Xcc -I/Users/aniskedidi/Library/Developer/Xcode/DerivedData/streamsports-afyvxzlfjvtmuuhgdcezeztyxrsc/Build/Intermediates.noindex/streamsports.build/Debug-iphonesimulator/streamsports.build/DerivedSources-normal/arm64 -Xcc -I/Users/aniskedidi/Library/Developer/Xcode/DerivedData/streamsports-afyvxzlfjvtmuuhgdcezeztyxrsc/Build/Intermediates.noindex/streamsports.build/Debug-iphonesimulator/streamsports.build/DerivedSources/arm64 -Xcc -I/Users/aniskedidi/Library/Developer/Xcode/DerivedData/streamsports-afyvxzlfjvtmuuhgdcezeztyxrsc/Build/Intermediates.noindex/streamsports.build/Debug-iphonesimulator/streamsports.build/DerivedSources -Xcc -DDEBUG\=1 -Xcc -DCOCOAPODS\=1 -emit-objc-header -emit-objc-header-path /Users/aniskedidi/Library/Developer/Xcode/DerivedData/streamsports-afyvxzlfjvtmuuhgdcezeztyxrsc/Build/Intermediates.noindex/streamsports.build/Debug-iphonesimulator/streamsports.build/Objects-normal/arm64/streamsports-Swift.h -working-directory /Users/aniskedidi/Documents/perso/streamsports/ios/streamsports -experimental-emit-module-separately -disable-cmo

Copy /Users/aniskedidi/Library/Developer/Xcode/DerivedData/streamsports-afyvxzlfjvtmuuhgdcezeztyxrsc/Build/Products/Debug-iphonesimulator/streamsports.swiftmodule/x86_64-apple-ios-simulator.abi.json /Users/aniskedidi/Library/Developer/Xcode/DerivedData/streamsports-afyvxzlfjvtmuuhgdcezeztyxrsc/Build/Intermediates.noindex/streamsports.build/Debug-iphonesimulator/streamsports.build/Objects-normal/x86_64/streamsports.abi.json (in target 'streamsports' from project 'streamsports')
    cd /Users/aniskedidi/Documents/perso/streamsports/ios/streamsports
    builtin-copy -exclude .DS_Store -exclude CVS -exclude .svn -exclude .git -exclude .hg -resolve-src-symlinks -rename /Users/aniskedidi/Library/Developer/Xcode/DerivedData/streamsports-afyvxzlfjvtmuuhgdcezeztyxrsc/Build/Intermediates.noindex/streamsports.build/Debug-iphonesimulator/streamsports.build/Objects-normal/x86_64/streamsports.abi.json /Users/aniskedidi/Library/Developer/Xcode/DerivedData/streamsports-afyvxzlfjvtmuuhgdcezeztyxrsc/Build/Products/Debug-iphonesimulator/streamsports.swiftmodule/x86_64-apple-ios-simulator.abi.json

Copy /Users/aniskedidi/Library/Developer/Xcode/DerivedData/streamsports-afyvxzlfjvtmuuhgdcezeztyxrsc/Build/Products/Debug-iphonesimulator/streamsports.swiftmodule/arm64-apple-ios-simulator.abi.json /Users/aniskedidi/Library/Developer/Xcode/DerivedData/streamsports-afyvxzlfjvtmuuhgdcezeztyxrsc/Build/Intermediates.noindex/streamsports.build/Debug-iphonesimulator/streamsports.build/Objects-normal/arm64/streamsports.abi.json (in target 'streamsports' from project 'streamsports')
    cd /Users/aniskedidi/Documents/perso/streamsports/ios/streamsports
    builtin-copy -exclude .DS_Store -exclude CVS -exclude .svn -exclude .git -exclude .hg -resolve-src-symlinks -rename /Users/aniskedidi/Library/Developer/Xcode/DerivedData/streamsports-afyvxzlfjvtmuuhgdcezeztyxrsc/Build/Intermediates.noindex/streamsports.build/Debug-iphonesimulator/streamsports.build/Objects-normal/arm64/streamsports.abi.json /Users/aniskedidi/Library/Developer/Xcode/DerivedData/streamsports-afyvxzlfjvtmuuhgdcezeztyxrsc/Build/Products/Debug-iphonesimulator/streamsports.swiftmodule/arm64-apple-ios-simulator.abi.json

Copy /Users/aniskedidi/Library/Developer/Xcode/DerivedData/streamsports-afyvxzlfjvtmuuhgdcezeztyxrsc/Build/Products/Debug-iphonesimulator/streamsports.swiftmodule/Project/x86_64-apple-ios-simulator.swiftsourceinfo /Users/aniskedidi/Library/Developer/Xcode/DerivedData/streamsports-afyvxzlfjvtmuuhgdcezeztyxrsc/Build/Intermediates.noindex/streamsports.build/Debug-iphonesimulator/streamsports.build/Objects-normal/x86_64/streamsports.swiftsourceinfo (in target 'streamsports' from project 'streamsports')
    cd /Users/aniskedidi/Documents/perso/streamsports/ios/streamsports
    builtin-copy -exclude .DS_Store -exclude CVS -exclude .svn -exclude .git -exclude .hg -resolve-src-symlinks -rename /Users/aniskedidi/Library/Developer/Xcode/DerivedData/streamsports-afyvxzlfjvtmuuhgdcezeztyxrsc/Build/Intermediates.noindex/streamsports.build/Debug-iphonesimulator/streamsports.build/Objects-normal/x86_64/streamsports.swiftsourceinfo /Users/aniskedidi/Library/Developer/Xcode/DerivedData/streamsports-afyvxzlfjvtmuuhgdcezeztyxrsc/Build/Products/Debug-iphonesimulator/streamsports.swiftmodule/Project/x86_64-apple-ios-simulator.swiftsourceinfo

Copy /Users/aniskedidi/Library/Developer/Xcode/DerivedData/streamsports-afyvxzlfjvtmuuhgdcezeztyxrsc/Build/Products/Debug-iphonesimulator/streamsports.swiftmodule/Project/arm64-apple-ios-simulator.swiftsourceinfo /Users/aniskedidi/Library/Developer/Xcode/DerivedData/streamsports-afyvxzlfjvtmuuhgdcezeztyxrsc/Build/Intermediates.noindex/streamsports.build/Debug-iphonesimulator/streamsports.build/Objects-normal/arm64/streamsports.swiftsourceinfo (in target 'streamsports' from project 'streamsports')
    cd /Users/aniskedidi/Documents/perso/streamsports/ios/streamsports
    builtin-copy -exclude .DS_Store -exclude CVS -exclude .svn -exclude .git -exclude .hg -resolve-src-symlinks -rename /Users/aniskedidi/Library/Developer/Xcode/DerivedData/streamsports-afyvxzlfjvtmuuhgdcezeztyxrsc/Build/Intermediates.noindex/streamsports.build/Debug-iphonesimulator/streamsports.build/Objects-normal/arm64/streamsports.swiftsourceinfo /Users/aniskedidi/Library/Developer/Xcode/DerivedData/streamsports-afyvxzlfjvtmuuhgdcezeztyxrsc/Build/Products/Debug-iphonesimulator/streamsports.swiftmodule/Project/arm64-apple-ios-simulator.swiftsourceinfo

Ld /Users/aniskedidi/Library/Developer/Xcode/DerivedData/streamsports-afyvxzlfjvtmuuhgdcezeztyxrsc/Build/Intermediates.noindex/streamsports.build/Debug-iphonesimulator/streamsports.build/Objects-normal/x86_64/Binary/streamsports.debug.dylib normal x86_64 (in target 'streamsports' from project 'streamsports')
    cd /Users/aniskedidi/Documents/perso/streamsports/ios/streamsports
    /Applications/Xcode.app/Contents/Developer/Toolchains/XcodeDefault.xctoolchain/usr/bin/clang -Xlinker -reproducible -target x86_64-apple-ios16.6-simulator -dynamiclib -isysroot /Applications/Xcode.app/Contents/Developer/Platforms/iPhoneSimulator.platform/Developer/SDKs/iPhoneSimulator26.0.sdk -O0 -L/Users/aniskedidi/Library/Developer/Xcode/DerivedData/streamsports-afyvxzlfjvtmuuhgdcezeztyxrsc/Build/Intermediates.noindex/EagerLinkingTBDs/Debug-iphonesimulator -L/Users/aniskedidi/Library/Developer/Xcode/DerivedData/streamsports-afyvxzlfjvtmuuhgdcezeztyxrsc/Build/Products/Debug-iphonesimulator -F/Users/aniskedidi/Library/Developer/Xcode/DerivedData/streamsports-afyvxzlfjvtmuuhgdcezeztyxrsc/Build/Intermediates.noindex/EagerLinkingTBDs/Debug-iphonesimulator -F/Users/aniskedidi/Library/Developer/Xcode/DerivedData/streamsports-afyvxzlfjvtmuuhgdcezeztyxrsc/Build/Products/Debug-iphonesimulator -F/Users/aniskedidi/Library/Developer/Xcode/DerivedData/streamsports-afyvxzlfjvtmuuhgdcezeztyxrsc/Build/Products/Debug-iphonesimulator/GCDWebServer -F/Users/aniskedidi/Documents/perso/streamsports/ios/streamsports/Pods/google-cast-sdk/GoogleCastSDK-ios-4.8.4_static_xcframework -F/Users/aniskedidi/Library/Developer/Xcode/DerivedData/streamsports-afyvxzlfjvtmuuhgdcezeztyxrsc/Build/Products/Debug-iphonesimulator/XCFrameworkIntermediates/google-cast-sdk -filelist /Users/aniskedidi/Library/Developer/Xcode/DerivedData/streamsports-afyvxzlfjvtmuuhgdcezeztyxrsc/Build/Intermediates.noindex/streamsports.build/Debug-iphonesimulator/streamsports.build/Objects-normal/x86_64/streamsports.LinkFileList -install_name @rpath/streamsports.debug.dylib -Xlinker -rpath -Xlinker /usr/lib/swift -Xlinker -rpath -Xlinker @executable_path/Frameworks -Xlinker -rpath -Xlinker @loader_path/Frameworks -dead_strip -Xlinker -object_path_lto -Xlinker /Users/aniskedidi/Library/Developer/Xcode/DerivedData/streamsports-afyvxzlfjvtmuuhgdcezeztyxrsc/Build/Intermediates.noindex/streamsports.build/Debug-iphonesimulator/streamsports.build/Objects-normal/x86_64/streamsports_lto.o -rdynamic -Xlinker -no_deduplicate -Xlinker -objc_abi_version -Xlinker 2 -Xlinker -dependency_info -Xlinker /Users/aniskedidi/Library/Developer/Xcode/DerivedData/streamsports-afyvxzlfjvtmuuhgdcezeztyxrsc/Build/Intermediates.noindex/streamsports.build/Debug-iphonesimulator/streamsports.build/Objects-normal/x86_64/streamsports_dependency_info.dat -fobjc-link-runtime -L/Applications/Xcode.app/Contents/Developer/Toolchains/XcodeDefault.xctoolchain/usr/lib/swift/iphonesimulator -L/usr/lib/swift -Xlinker -add_ast_path -Xlinker /Users/aniskedidi/Library/Developer/Xcode/DerivedData/streamsports-afyvxzlfjvtmuuhgdcezeztyxrsc/Build/Intermediates.noindex/streamsports.build/Debug-iphonesimulator/streamsports.build/Objects-normal/x86_64/streamsports.swiftmodule @/Users/aniskedidi/Library/Developer/Xcode/DerivedData/streamsports-afyvxzlfjvtmuuhgdcezeztyxrsc/Build/Intermediates.noindex/streamsports.build/Debug-iphonesimulator/streamsports.build/Objects-normal/x86_64/streamsports-linker-args.resp -ObjC -lc++ -lz -framework AVFoundation -framework AVKit -framework AVRouting -framework Accelerate -framework AudioToolbox -framework CFNetwork -framework CoreData -framework CoreGraphics -framework CoreMedia -framework CoreText -framework Foundation -framework GCDWebServer -framework GoogleCast -framework MediaAccessibility -framework MediaPlayer -framework MobileCoreServices -framework Network -framework QuartzCore -framework Security -framework SystemConfiguration -framework UIKit -Xlinker -alias -Xlinker _main -Xlinker ___debug_main_executable_dylib_entry_point -framework Pods_streamsports -Xlinker -no_adhoc_codesign -o /Users/aniskedidi/Library/Developer/Xcode/DerivedData/streamsports-afyvxzlfjvtmuuhgdcezeztyxrsc/Build/Intermediates.noindex/streamsports.build/Debug-iphonesimulator/streamsports.build/Objects-normal/x86_64/Binary/streamsports.debug.dylib

Ld /Users/aniskedidi/Library/Developer/Xcode/DerivedData/streamsports-afyvxzlfjvtmuuhgdcezeztyxrsc/Build/Intermediates.noindex/streamsports.build/Debug-iphonesimulator/streamsports.build/Objects-normal/arm64/Binary/streamsports.debug.dylib normal arm64 (in target 'streamsports' from project 'streamsports')
    cd /Users/aniskedidi/Documents/perso/streamsports/ios/streamsports
    /Applications/Xcode.app/Contents/Developer/Toolchains/XcodeDefault.xctoolchain/usr/bin/clang -Xlinker -reproducible -target arm64-apple-ios16.6-simulator -dynamiclib -isysroot /Applications/Xcode.app/Contents/Developer/Platforms/iPhoneSimulator.platform/Developer/SDKs/iPhoneSimulator26.0.sdk -O0 -L/Users/aniskedidi/Library/Developer/Xcode/DerivedData/streamsports-afyvxzlfjvtmuuhgdcezeztyxrsc/Build/Intermediates.noindex/EagerLinkingTBDs/Debug-iphonesimulator -L/Users/aniskedidi/Library/Developer/Xcode/DerivedData/streamsports-afyvxzlfjvtmuuhgdcezeztyxrsc/Build/Products/Debug-iphonesimulator -F/Users/aniskedidi/Library/Developer/Xcode/DerivedData/streamsports-afyvxzlfjvtmuuhgdcezeztyxrsc/Build/Intermediates.noindex/EagerLinkingTBDs/Debug-iphonesimulator -F/Users/aniskedidi/Library/Developer/Xcode/DerivedData/streamsports-afyvxzlfjvtmuuhgdcezeztyxrsc/Build/Products/Debug-iphonesimulator -F/Users/aniskedidi/Library/Developer/Xcode/DerivedData/streamsports-afyvxzlfjvtmuuhgdcezeztyxrsc/Build/Products/Debug-iphonesimulator/GCDWebServer -F/Users/aniskedidi/Documents/perso/streamsports/ios/streamsports/Pods/google-cast-sdk/GoogleCastSDK-ios-4.8.4_static_xcframework -F/Users/aniskedidi/Library/Developer/Xcode/DerivedData/streamsports-afyvxzlfjvtmuuhgdcezeztyxrsc/Build/Products/Debug-iphonesimulator/XCFrameworkIntermediates/google-cast-sdk -filelist /Users/aniskedidi/Library/Developer/Xcode/DerivedData/streamsports-afyvxzlfjvtmuuhgdcezeztyxrsc/Build/Intermediates.noindex/streamsports.build/Debug-iphonesimulator/streamsports.build/Objects-normal/arm64/streamsports.LinkFileList -install_name @rpath/streamsports.debug.dylib -Xlinker -rpath -Xlinker /usr/lib/swift -Xlinker -rpath -Xlinker @executable_path/Frameworks -Xlinker -rpath -Xlinker @loader_path/Frameworks -dead_strip -Xlinker -object_path_lto -Xlinker /Users/aniskedidi/Library/Developer/Xcode/DerivedData/streamsports-afyvxzlfjvtmuuhgdcezeztyxrsc/Build/Intermediates.noindex/streamsports.build/Debug-iphonesimulator/streamsports.build/Objects-normal/arm64/streamsports_lto.o -rdynamic -Xlinker -no_deduplicate -Xlinker -objc_abi_version -Xlinker 2 -Xlinker -dependency_info -Xlinker /Users/aniskedidi/Library/Developer/Xcode/DerivedData/streamsports-afyvxzlfjvtmuuhgdcezeztyxrsc/Build/Intermediates.noindex/streamsports.build/Debug-iphonesimulator/streamsports.build/Objects-normal/arm64/streamsports_dependency_info.dat -fobjc-link-runtime -L/Applications/Xcode.app/Contents/Developer/Toolchains/XcodeDefault.xctoolchain/usr/lib/swift/iphonesimulator -L/usr/lib/swift -Xlinker -add_ast_path -Xlinker /Users/aniskedidi/Library/Developer/Xcode/DerivedData/streamsports-afyvxzlfjvtmuuhgdcezeztyxrsc/Build/Intermediates.noindex/streamsports.build/Debug-iphonesimulator/streamsports.build/Objects-normal/arm64/streamsports.swiftmodule @/Users/aniskedidi/Library/Developer/Xcode/DerivedData/streamsports-afyvxzlfjvtmuuhgdcezeztyxrsc/Build/Intermediates.noindex/streamsports.build/Debug-iphonesimulator/streamsports.build/Objects-normal/arm64/streamsports-linker-args.resp -ObjC -lc++ -lz -framework AVFoundation -framework AVKit -framework AVRouting -framework Accelerate -framework AudioToolbox -framework CFNetwork -framework CoreData -framework CoreGraphics -framework CoreMedia -framework CoreText -framework Foundation -framework GCDWebServer -framework GoogleCast -framework MediaAccessibility -framework MediaPlayer -framework MobileCoreServices -framework Network -framework QuartzCore -framework Security -framework SystemConfiguration -framework UIKit -Xlinker -alias -Xlinker _main -Xlinker ___debug_main_executable_dylib_entry_point -framework Pods_streamsports -Xlinker -no_adhoc_codesign -o /Users/aniskedidi/Library/Developer/Xcode/DerivedData/streamsports-afyvxzlfjvtmuuhgdcezeztyxrsc/Build/Intermediates.noindex/streamsports.build/Debug-iphonesimulator/streamsports.build/Objects-normal/arm64/Binary/streamsports.debug.dylib

CreateUniversalBinary /Users/aniskedidi/Library/Developer/Xcode/DerivedData/streamsports-afyvxzlfjvtmuuhgdcezeztyxrsc/Build/Products/Debug-iphonesimulator/streamsports.app/streamsports.debug.dylib normal arm64\ x86_64 (in target 'streamsports' from project 'streamsports')
    cd /Users/aniskedidi/Documents/perso/streamsports/ios/streamsports
    /Applications/Xcode.app/Contents/Developer/Toolchains/XcodeDefault.xctoolchain/usr/bin/lipo -create /Users/aniskedidi/Library/Developer/Xcode/DerivedData/streamsports-afyvxzlfjvtmuuhgdcezeztyxrsc/Build/Intermediates.noindex/streamsports.build/Debug-iphonesimulator/streamsports.build/Objects-normal/arm64/Binary/streamsports.debug.dylib /Users/aniskedidi/Library/Developer/Xcode/DerivedData/streamsports-afyvxzlfjvtmuuhgdcezeztyxrsc/Build/Intermediates.noindex/streamsports.build/Debug-iphonesimulator/streamsports.build/Objects-normal/x86_64/Binary/streamsports.debug.dylib -output /Users/aniskedidi/Library/Developer/Xcode/DerivedData/streamsports-afyvxzlfjvtmuuhgdcezeztyxrsc/Build/Products/Debug-iphonesimulator/streamsports.app/streamsports.debug.dylib

ConstructStubExecutorLinkFileList /Users/aniskedidi/Library/Developer/Xcode/DerivedData/streamsports-afyvxzlfjvtmuuhgdcezeztyxrsc/Build/Intermediates.noindex/streamsports.build/Debug-iphonesimulator/streamsports.build/streamsports-ExecutorLinkFileList-normal-arm64.txt (in target 'streamsports' from project 'streamsports')
    cd /Users/aniskedidi/Documents/perso/streamsports/ios/streamsports
    construct-stub-executor-link-file-list /Users/aniskedidi/Library/Developer/Xcode/DerivedData/streamsports-afyvxzlfjvtmuuhgdcezeztyxrsc/Build/Intermediates.noindex/streamsports.build/Debug-iphonesimulator/streamsports.build/Objects-normal/arm64/Binary/streamsports.debug.dylib /Applications/Xcode.app/Contents/Developer/Platforms/iPhoneSimulator.platform/Developer/usr/lib/libPreviewsJITStubExecutor_no_swift_entry_point.a /Applications/Xcode.app/Contents/Developer/Platforms/iPhoneSimulator.platform/Developer/usr/lib/libPreviewsJITStubExecutor.a --output /Users/aniskedidi/Library/Developer/Xcode/DerivedData/streamsports-afyvxzlfjvtmuuhgdcezeztyxrsc/Build/Intermediates.noindex/streamsports.build/Debug-iphonesimulator/streamsports.build/streamsports-ExecutorLinkFileList-normal-arm64.txt
note: Using stub executor library with Swift entry point. (in target 'streamsports' from project 'streamsports')

Ld /Users/aniskedidi/Library/Developer/Xcode/DerivedData/streamsports-afyvxzlfjvtmuuhgdcezeztyxrsc/Build/Intermediates.noindex/streamsports.build/Debug-iphonesimulator/streamsports.build/Objects-normal/arm64/Binary/streamsports normal arm64 (in target 'streamsports' from project 'streamsports')
    cd /Users/aniskedidi/Documents/perso/streamsports/ios/streamsports
    /Applications/Xcode.app/Contents/Developer/Toolchains/XcodeDefault.xctoolchain/usr/bin/clang -Xlinker -reproducible -target arm64-apple-ios16.6-simulator -isysroot /Applications/Xcode.app/Contents/Developer/Platforms/iPhoneSimulator.platform/Developer/SDKs/iPhoneSimulator26.0.sdk -O0 -L/Users/aniskedidi/Library/Developer/Xcode/DerivedData/streamsports-afyvxzlfjvtmuuhgdcezeztyxrsc/Build/Products/Debug-iphonesimulator -F/Users/aniskedidi/Library/Developer/Xcode/DerivedData/streamsports-afyvxzlfjvtmuuhgdcezeztyxrsc/Build/Products/Debug-iphonesimulator -F/Users/aniskedidi/Library/Developer/Xcode/DerivedData/streamsports-afyvxzlfjvtmuuhgdcezeztyxrsc/Build/Products/Debug-iphonesimulator/GCDWebServer -F/Users/aniskedidi/Documents/perso/streamsports/ios/streamsports/Pods/google-cast-sdk/GoogleCastSDK-ios-4.8.4_static_xcframework -F/Users/aniskedidi/Library/Developer/Xcode/DerivedData/streamsports-afyvxzlfjvtmuuhgdcezeztyxrsc/Build/Products/Debug-iphonesimulator/XCFrameworkIntermediates/google-cast-sdk -Xlinker -rpath -Xlinker @executable_path -Xlinker -rpath -Xlinker @executable_path/Frameworks -Xlinker -rpath -Xlinker @loader_path/Frameworks -rdynamic -Xlinker -no_deduplicate -Xlinker -objc_abi_version -Xlinker 2 -e ___debug_blank_executor_main -Xlinker -sectcreate -Xlinker __TEXT -Xlinker __debug_dylib -Xlinker /Users/aniskedidi/Library/Developer/Xcode/DerivedData/streamsports-afyvxzlfjvtmuuhgdcezeztyxrsc/Build/Intermediates.noindex/streamsports.build/Debug-iphonesimulator/streamsports.build/streamsports-DebugDylibPath-normal-arm64.txt -Xlinker -sectcreate -Xlinker __TEXT -Xlinker __debug_instlnm -Xlinker /Users/aniskedidi/Library/Developer/Xcode/DerivedData/streamsports-afyvxzlfjvtmuuhgdcezeztyxrsc/Build/Intermediates.noindex/streamsports.build/Debug-iphonesimulator/streamsports.build/streamsports-DebugDylibInstallName-normal-arm64.txt -Xlinker -filelist -Xlinker /Users/aniskedidi/Library/Developer/Xcode/DerivedData/streamsports-afyvxzlfjvtmuuhgdcezeztyxrsc/Build/Intermediates.noindex/streamsports.build/Debug-iphonesimulator/streamsports.build/streamsports-ExecutorLinkFileList-normal-arm64.txt -Xlinker -sectcreate -Xlinker __TEXT -Xlinker __entitlements -Xlinker /Users/aniskedidi/Library/Developer/Xcode/DerivedData/streamsports-afyvxzlfjvtmuuhgdcezeztyxrsc/Build/Intermediates.noindex/streamsports.build/Debug-iphonesimulator/streamsports.build/streamsports.app-Simulated.xcent -Xlinker -sectcreate -Xlinker __TEXT -Xlinker __ents_der -Xlinker /Users/aniskedidi/Library/Developer/Xcode/DerivedData/streamsports-afyvxzlfjvtmuuhgdcezeztyxrsc/Build/Intermediates.noindex/streamsports.build/Debug-iphonesimulator/streamsports.build/streamsports.app-Simulated.xcent.der /Users/aniskedidi/Library/Developer/Xcode/DerivedData/streamsports-afyvxzlfjvtmuuhgdcezeztyxrsc/Build/Intermediates.noindex/streamsports.build/Debug-iphonesimulator/streamsports.build/Objects-normal/arm64/Binary/streamsports.debug.dylib -Xlinker -no_adhoc_codesign -o /Users/aniskedidi/Library/Developer/Xcode/DerivedData/streamsports-afyvxzlfjvtmuuhgdcezeztyxrsc/Build/Intermediates.noindex/streamsports.build/Debug-iphonesimulator/streamsports.build/Objects-normal/arm64/Binary/streamsports

ConstructStubExecutorLinkFileList /Users/aniskedidi/Library/Developer/Xcode/DerivedData/streamsports-afyvxzlfjvtmuuhgdcezeztyxrsc/Build/Intermediates.noindex/streamsports.build/Debug-iphonesimulator/streamsports.build/streamsports-ExecutorLinkFileList-normal-x86_64.txt (in target 'streamsports' from project 'streamsports')
    cd /Users/aniskedidi/Documents/perso/streamsports/ios/streamsports
    construct-stub-executor-link-file-list /Users/aniskedidi/Library/Developer/Xcode/DerivedData/streamsports-afyvxzlfjvtmuuhgdcezeztyxrsc/Build/Intermediates.noindex/streamsports.build/Debug-iphonesimulator/streamsports.build/Objects-normal/x86_64/Binary/streamsports.debug.dylib /Applications/Xcode.app/Contents/Developer/Platforms/iPhoneSimulator.platform/Developer/usr/lib/libPreviewsJITStubExecutor_no_swift_entry_point.a /Applications/Xcode.app/Contents/Developer/Platforms/iPhoneSimulator.platform/Developer/usr/lib/libPreviewsJITStubExecutor.a --output /Users/aniskedidi/Library/Developer/Xcode/DerivedData/streamsports-afyvxzlfjvtmuuhgdcezeztyxrsc/Build/Intermediates.noindex/streamsports.build/Debug-iphonesimulator/streamsports.build/streamsports-ExecutorLinkFileList-normal-x86_64.txt
note: Using stub executor library with Swift entry point. (in target 'streamsports' from project 'streamsports')

Ld /Users/aniskedidi/Library/Developer/Xcode/DerivedData/streamsports-afyvxzlfjvtmuuhgdcezeztyxrsc/Build/Intermediates.noindex/streamsports.build/Debug-iphonesimulator/streamsports.build/Objects-normal/x86_64/Binary/streamsports normal x86_64 (in target 'streamsports' from project 'streamsports')
    cd /Users/aniskedidi/Documents/perso/streamsports/ios/streamsports
    /Applications/Xcode.app/Contents/Developer/Toolchains/XcodeDefault.xctoolchain/usr/bin/clang -Xlinker -reproducible -target x86_64-apple-ios16.6-simulator -isysroot /Applications/Xcode.app/Contents/Developer/Platforms/iPhoneSimulator.platform/Developer/SDKs/iPhoneSimulator26.0.sdk -O0 -L/Users/aniskedidi/Library/Developer/Xcode/DerivedData/streamsports-afyvxzlfjvtmuuhgdcezeztyxrsc/Build/Products/Debug-iphonesimulator -F/Users/aniskedidi/Library/Developer/Xcode/DerivedData/streamsports-afyvxzlfjvtmuuhgdcezeztyxrsc/Build/Products/Debug-iphonesimulator -F/Users/aniskedidi/Library/Developer/Xcode/DerivedData/streamsports-afyvxzlfjvtmuuhgdcezeztyxrsc/Build/Products/Debug-iphonesimulator/GCDWebServer -F/Users/aniskedidi/Documents/perso/streamsports/ios/streamsports/Pods/google-cast-sdk/GoogleCastSDK-ios-4.8.4_static_xcframework -F/Users/aniskedidi/Library/Developer/Xcode/DerivedData/streamsports-afyvxzlfjvtmuuhgdcezeztyxrsc/Build/Products/Debug-iphonesimulator/XCFrameworkIntermediates/google-cast-sdk -Xlinker -rpath -Xlinker @executable_path -Xlinker -rpath -Xlinker @executable_path/Frameworks -Xlinker -rpath -Xlinker @loader_path/Frameworks -rdynamic -Xlinker -no_deduplicate -Xlinker -objc_abi_version -Xlinker 2 -e ___debug_blank_executor_main -Xlinker -sectcreate -Xlinker __TEXT -Xlinker __debug_dylib -Xlinker /Users/aniskedidi/Library/Developer/Xcode/DerivedData/streamsports-afyvxzlfjvtmuuhgdcezeztyxrsc/Build/Intermediates.noindex/streamsports.build/Debug-iphonesimulator/streamsports.build/streamsports-DebugDylibPath-normal-x86_64.txt -Xlinker -sectcreate -Xlinker __TEXT -Xlinker __debug_instlnm -Xlinker /Users/aniskedidi/Library/Developer/Xcode/DerivedData/streamsports-afyvxzlfjvtmuuhgdcezeztyxrsc/Build/Intermediates.noindex/streamsports.build/Debug-iphonesimulator/streamsports.build/streamsports-DebugDylibInstallName-normal-x86_64.txt -Xlinker -filelist -Xlinker /Users/aniskedidi/Library/Developer/Xcode/DerivedData/streamsports-afyvxzlfjvtmuuhgdcezeztyxrsc/Build/Intermediates.noindex/streamsports.build/Debug-iphonesimulator/streamsports.build/streamsports-ExecutorLinkFileList-normal-x86_64.txt -Xlinker -sectcreate -Xlinker __TEXT -Xlinker __entitlements -Xlinker /Users/aniskedidi/Library/Developer/Xcode/DerivedData/streamsports-afyvxzlfjvtmuuhgdcezeztyxrsc/Build/Intermediates.noindex/streamsports.build/Debug-iphonesimulator/streamsports.build/streamsports.app-Simulated.xcent -Xlinker -sectcreate -Xlinker __TEXT -Xlinker __ents_der -Xlinker /Users/aniskedidi/Library/Developer/Xcode/DerivedData/streamsports-afyvxzlfjvtmuuhgdcezeztyxrsc/Build/Intermediates.noindex/streamsports.build/Debug-iphonesimulator/streamsports.build/streamsports.app-Simulated.xcent.der /Users/aniskedidi/Library/Developer/Xcode/DerivedData/streamsports-afyvxzlfjvtmuuhgdcezeztyxrsc/Build/Intermediates.noindex/streamsports.build/Debug-iphonesimulator/streamsports.build/Objects-normal/x86_64/Binary/streamsports.debug.dylib -Xlinker -no_adhoc_codesign -o /Users/aniskedidi/Library/Developer/Xcode/DerivedData/streamsports-afyvxzlfjvtmuuhgdcezeztyxrsc/Build/Intermediates.noindex/streamsports.build/Debug-iphonesimulator/streamsports.build/Objects-normal/x86_64/Binary/streamsports

CreateUniversalBinary /Users/aniskedidi/Library/Developer/Xcode/DerivedData/streamsports-afyvxzlfjvtmuuhgdcezeztyxrsc/Build/Products/Debug-iphonesimulator/streamsports.app/streamsports normal arm64\ x86_64 (in target 'streamsports' from project 'streamsports')
    cd /Users/aniskedidi/Documents/perso/streamsports/ios/streamsports
    /Applications/Xcode.app/Contents/Developer/Toolchains/XcodeDefault.xctoolchain/usr/bin/lipo -create /Users/aniskedidi/Library/Developer/Xcode/DerivedData/streamsports-afyvxzlfjvtmuuhgdcezeztyxrsc/Build/Intermediates.noindex/streamsports.build/Debug-iphonesimulator/streamsports.build/Objects-normal/arm64/Binary/streamsports /Users/aniskedidi/Library/Developer/Xcode/DerivedData/streamsports-afyvxzlfjvtmuuhgdcezeztyxrsc/Build/Intermediates.noindex/streamsports.build/Debug-iphonesimulator/streamsports.build/Objects-normal/x86_64/Binary/streamsports -output /Users/aniskedidi/Library/Developer/Xcode/DerivedData/streamsports-afyvxzlfjvtmuuhgdcezeztyxrsc/Build/Products/Debug-iphonesimulator/streamsports.app/streamsports

CopySwiftLibs /Users/aniskedidi/Library/Developer/Xcode/DerivedData/streamsports-afyvxzlfjvtmuuhgdcezeztyxrsc/Build/Products/Debug-iphonesimulator/streamsports.app (in target 'streamsports' from project 'streamsports')
    cd /Users/aniskedidi/Documents/perso/streamsports/ios/streamsports
    builtin-swiftStdLibTool --copy --verbose --sign - --scan-executable /Users/aniskedidi/Library/Developer/Xcode/DerivedData/streamsports-afyvxzlfjvtmuuhgdcezeztyxrsc/Build/Products/Debug-iphonesimulator/streamsports.app/streamsports.debug.dylib --scan-folder /Users/aniskedidi/Library/Developer/Xcode/DerivedData/streamsports-afyvxzlfjvtmuuhgdcezeztyxrsc/Build/Products/Debug-iphonesimulator/streamsports.app/Frameworks --scan-folder /Users/aniskedidi/Library/Developer/Xcode/DerivedData/streamsports-afyvxzlfjvtmuuhgdcezeztyxrsc/Build/Products/Debug-iphonesimulator/streamsports.app/PlugIns --scan-folder /Users/aniskedidi/Library/Developer/Xcode/DerivedData/streamsports-afyvxzlfjvtmuuhgdcezeztyxrsc/Build/Products/Debug-iphonesimulator/streamsports.app/SystemExtensions --scan-folder /Users/aniskedidi/Library/Developer/Xcode/DerivedData/streamsports-afyvxzlfjvtmuuhgdcezeztyxrsc/Build/Products/Debug-iphonesimulator/streamsports.app/Extensions --scan-folder /Users/aniskedidi/Library/Developer/Xcode/DerivedData/streamsports-afyvxzlfjvtmuuhgdcezeztyxrsc/Build/Products/Debug-iphonesimulator/Pods_streamsports.framework --platform iphonesimulator --toolchain /Applications/Xcode.app/Contents/Developer/Toolchains/XcodeDefault.xctoolchain --destination /Users/aniskedidi/Library/Developer/Xcode/DerivedData/streamsports-afyvxzlfjvtmuuhgdcezeztyxrsc/Build/Products/Debug-iphonesimulator/streamsports.app/Frameworks --strip-bitcode --strip-bitcode-tool /Applications/Xcode.app/Contents/Developer/Toolchains/XcodeDefault.xctoolchain/usr/bin/bitcode_strip --emit-dependency-info /Users/aniskedidi/Library/Developer/Xcode/DerivedData/streamsports-afyvxzlfjvtmuuhgdcezeztyxrsc/Build/Intermediates.noindex/streamsports.build/Debug-iphonesimulator/streamsports.build/SwiftStdLibToolInputDependencies.dep --filter-for-swift-os --back-deploy-swift-span

ExtractAppIntentsMetadata (in target 'streamsports' from project 'streamsports')
    cd /Users/aniskedidi/Documents/perso/streamsports/ios/streamsports
    /Applications/Xcode.app/Contents/Developer/Toolchains/XcodeDefault.xctoolchain/usr/bin/appintentsmetadataprocessor --toolchain-dir /Applications/Xcode.app/Contents/Developer/Toolchains/XcodeDefault.xctoolchain --module-name streamsports --sdk-root /Applications/Xcode.app/Contents/Developer/Platforms/iPhoneSimulator.platform/Developer/SDKs/iPhoneSimulator26.0.sdk --xcode-version 17A400 --platform-family iOS --deployment-target 16.6 --bundle-identifier anis.com.streamsports --output /Users/aniskedidi/Library/Developer/Xcode/DerivedData/streamsports-afyvxzlfjvtmuuhgdcezeztyxrsc/Build/Products/Debug-iphonesimulator/streamsports.app --target-triple arm64-apple-ios16.6-simulator --target-triple x86_64-apple-ios16.6-simulator --binary-file /Users/aniskedidi/Library/Developer/Xcode/DerivedData/streamsports-afyvxzlfjvtmuuhgdcezeztyxrsc/Build/Products/Debug-iphonesimulator/streamsports.app/streamsports --dependency-file /Users/aniskedidi/Library/Developer/Xcode/DerivedData/streamsports-afyvxzlfjvtmuuhgdcezeztyxrsc/Build/Intermediates.noindex/streamsports.build/Debug-iphonesimulator/streamsports.build/Objects-normal/arm64/streamsports_dependency_info.dat --dependency-file /Users/aniskedidi/Library/Developer/Xcode/DerivedData/streamsports-afyvxzlfjvtmuuhgdcezeztyxrsc/Build/Intermediates.noindex/streamsports.build/Debug-iphonesimulator/streamsports.build/Objects-normal/x86_64/streamsports_dependency_info.dat --stringsdata-file /Users/aniskedidi/Library/Developer/Xcode/DerivedData/streamsports-afyvxzlfjvtmuuhgdcezeztyxrsc/Build/Intermediates.noindex/streamsports.build/Debug-iphonesimulator/streamsports.build/Objects-normal/arm64/ExtractedAppShortcutsMetadata.stringsdata --stringsdata-file /Users/aniskedidi/Library/Developer/Xcode/DerivedData/streamsports-afyvxzlfjvtmuuhgdcezeztyxrsc/Build/Intermediates.noindex/streamsports.build/Debug-iphonesimulator/streamsports.build/Objects-normal/x86_64/ExtractedAppShortcutsMetadata.stringsdata --source-file-list /Users/aniskedidi/Library/Developer/Xcode/DerivedData/streamsports-afyvxzlfjvtmuuhgdcezeztyxrsc/Build/Intermediates.noindex/streamsports.build/Debug-iphonesimulator/streamsports.build/Objects-normal/arm64/streamsports.SwiftFileList --source-file-list /Users/aniskedidi/Library/Developer/Xcode/DerivedData/streamsports-afyvxzlfjvtmuuhgdcezeztyxrsc/Build/Intermediates.noindex/streamsports.build/Debug-iphonesimulator/streamsports.build/Objects-normal/x86_64/streamsports.SwiftFileList --metadata-file-list /Users/aniskedidi/Library/Developer/Xcode/DerivedData/streamsports-afyvxzlfjvtmuuhgdcezeztyxrsc/Build/Intermediates.noindex/streamsports.build/Debug-iphonesimulator/streamsports.build/streamsports.DependencyMetadataFileList --static-metadata-file-list /Users/aniskedidi/Library/Developer/Xcode/DerivedData/streamsports-afyvxzlfjvtmuuhgdcezeztyxrsc/Build/Intermediates.noindex/streamsports.build/Debug-iphonesimulator/streamsports.build/streamsports.DependencyStaticMetadataFileList --swift-const-vals-list /Users/aniskedidi/Library/Developer/Xcode/DerivedData/streamsports-afyvxzlfjvtmuuhgdcezeztyxrsc/Build/Intermediates.noindex/streamsports.build/Debug-iphonesimulator/streamsports.build/Objects-normal/arm64/streamsports.SwiftConstValuesFileList --swift-const-vals-list /Users/aniskedidi/Library/Developer/Xcode/DerivedData/streamsports-afyvxzlfjvtmuuhgdcezeztyxrsc/Build/Intermediates.noindex/streamsports.build/Debug-iphonesimulator/streamsports.build/Objects-normal/x86_64/streamsports.SwiftConstValuesFileList --compile-time-extraction --deployment-aware-processing --validate-assistant-intents --no-app-shortcuts-localization
2026-02-20 15:27:13.567 appintentsmetadataprocessor[68619:50388165] Starting appintentsmetadataprocessor export
2026-02-20 15:27:13.571 appintentsmetadataprocessor[68619:50388165] warning: Metadata extraction skipped. No AppIntents.framework dependency found.

CodeSign /Users/aniskedidi/Library/Developer/Xcode/DerivedData/streamsports-afyvxzlfjvtmuuhgdcezeztyxrsc/Build/Products/Debug-iphonesimulator/streamsports.app/streamsports.debug.dylib (in target 'streamsports' from project 'streamsports')
    cd /Users/aniskedidi/Documents/perso/streamsports/ios/streamsports
    
    Signing Identity:     "Sign to Run Locally"
    
    /usr/bin/codesign --force --sign - --timestamp\=none --generate-entitlement-der /Users/aniskedidi/Library/Developer/Xcode/DerivedData/streamsports-afyvxzlfjvtmuuhgdcezeztyxrsc/Build/Products/Debug-iphonesimulator/streamsports.app/streamsports.debug.dylib

CodeSign /Users/aniskedidi/Library/Developer/Xcode/DerivedData/streamsports-afyvxzlfjvtmuuhgdcezeztyxrsc/Build/Products/Debug-iphonesimulator/streamsports.app/__preview.dylib (in target 'streamsports' from project 'streamsports')
    cd /Users/aniskedidi/Documents/perso/streamsports/ios/streamsports
    
    Signing Identity:     "Sign to Run Locally"
    
    /usr/bin/codesign --force --sign - --timestamp\=none --generate-entitlement-der /Users/aniskedidi/Library/Developer/Xcode/DerivedData/streamsports-afyvxzlfjvtmuuhgdcezeztyxrsc/Build/Products/Debug-iphonesimulator/streamsports.app/__preview.dylib
/Users/aniskedidi/Library/Developer/Xcode/DerivedData/streamsports-afyvxzlfjvtmuuhgdcezeztyxrsc/Build/Products/Debug-iphonesimulator/streamsports.app/__preview.dylib: replacing existing signature

CodeSign /Users/aniskedidi/Library/Developer/Xcode/DerivedData/streamsports-afyvxzlfjvtmuuhgdcezeztyxrsc/Build/Products/Debug-iphonesimulator/streamsports.app (in target 'streamsports' from project 'streamsports')
    cd /Users/aniskedidi/Documents/perso/streamsports/ios/streamsports
    
    Signing Identity:     "Sign to Run Locally"
    
    /usr/bin/codesign --force --sign - --timestamp\=none --generate-entitlement-der /Users/aniskedidi/Library/Developer/Xcode/DerivedData/streamsports-afyvxzlfjvtmuuhgdcezeztyxrsc/Build/Products/Debug-iphonesimulator/streamsports.app

Validate /Users/aniskedidi/Library/Developer/Xcode/DerivedData/streamsports-afyvxzlfjvtmuuhgdcezeztyxrsc/Build/Products/Debug-iphonesimulator/streamsports.app (in target 'streamsports' from project 'streamsports')
    cd /Users/aniskedidi/Documents/perso/streamsports/ios/streamsports
    builtin-validationUtility /Users/aniskedidi/Library/Developer/Xcode/DerivedData/streamsports-afyvxzlfjvtmuuhgdcezeztyxrsc/Build/Products/Debug-iphonesimulator/streamsports.app -shallow-bundle -infoplist-subpath Info.plist

** BUILD SUCCEEDED **

